#Generation No. -->1
#Variable_vector  Fitness_vector Constraint_violation Overall_penalty
6.330760 2.241890 4.220099 7.213660   6.330760  2.241890
4.779809 0.937223 8.411511 8.103274   4.779809  0.937223
2.664876 7.513352 7.900327 2.799463   2.664876  7.513352
7.472152 3.082370 9.924314 3.244423   7.472152  3.082370
5.468917 1.409345 2.613605 0.610675   5.468917  1.409345
1.855220 4.573504 6.128422 0.127567   1.855220  4.573504
1.878109 7.911618 7.562181 0.558489   1.878109  7.911618
2.043825 0.882290 8.725852 5.162206   2.043825  0.882290
3.420209 4.634541 9.893796 6.546525   3.420209  4.634541
3.343913 5.772881 4.031190 3.231605   3.343913  5.772881
9.170201 0.249947 0.125736 6.783654   9.170201  0.249947
6.793420 6.418348 1.701712 7.566454   6.793420  6.418348
9.798883 3.099460 0.356151 2.857753   9.798883  3.099460
3.917051 4.208807 6.473586 8.177435   3.917051  4.208807
4.143498 1.549730 7.831965 4.992523   4.143498  1.549730
0.754112 6.078066 0.614032 9.084445   0.754112  6.078066
1.162145 1.608020 4.137700 0.830103   1.162145  1.608020
9.271523 3.349101 2.087771 5.885190   9.271523  3.349101
3.065279 7.725150 4.915617 3.178808   3.065279  7.725150
2.487869 5.576342 9.739983 5.039522   2.487869  5.576342
5.881832 5.057833 6.959746 4.815516   5.881832  5.057833
1.629994 5.376446 0.705283 4.446852   1.629994  5.376446
7.777337 3.492233 7.424238 4.308908   7.777337  3.492233
1.685537 9.681692 0.795007 5.568712   1.685537  9.681692
1.827754 7.648243 5.951720 1.045259   1.827754  7.648243
1.739250 1.847285 8.935820 2.960906   1.739250  1.847285
7.046724 6.519059 8.050173 8.912930   7.046724  6.519059
0.760826 9.899899 2.991424 3.881039   0.760826  9.899899
7.494431 1.515549 2.261727 4.005859   7.494431  1.515549
1.771600 6.486099 1.267739 7.137669   1.771600  6.486099
7.027497 1.215857 4.905850 4.383374   7.027497  1.215857
9.870907 7.547227 7.046113 9.108249   9.870907  7.547227
4.781945 8.104800 1.891842 5.084994   4.781945  8.104800
8.305918 1.258583 6.272774 0.948210   8.305918  1.258583
8.333079 5.440229 5.521409 4.575640   8.333079  5.440229
9.014557 1.419111 4.986114 2.548906   9.014557  1.419111
1.448714 4.410230 4.564043 7.368084   1.448714  4.410230
2.913297 4.383069 8.044984 9.228492   2.913297  4.383069
9.393292 1.535081 2.824793 3.545640   9.393292  1.535081
6.375927 9.343852 9.897458 0.467544   6.375927  9.343852
5.610828 4.555803 3.744316 1.504562   5.610828  4.555803
3.193762 6.022828 6.352428 2.134770   3.193762  6.022828
7.296670 1.944945 3.420515 2.294382   7.296670  1.944945
8.570513 9.758598 6.433607 5.254372   8.570513  9.758598
9.459212 6.393017 2.294992 7.975402   9.459212  6.393017
5.995361 5.573901 4.112674 9.087497   5.995361  5.573901
1.646779 7.582018 3.112278 8.344371   1.646779  7.582018
7.218543 9.628284 8.215888 9.766534   7.218543  9.628284
9.868160 6.566362 0.808435 0.082705   9.868160  6.566362
3.271584 1.114231 5.965148 1.825617   3.271584  1.114231
8.160954 0.477615 6.624043 4.076663   8.160954  0.477615
1.134678 5.137791 4.246346 9.244057   1.134678  5.137791
8.223823 7.145909 2.306589 4.177068   8.223823  7.145909
6.632587 2.656026 6.379894 9.931639   6.632587  2.656026
7.439802 6.300241 3.127232 9.183325   7.439802  6.300241
4.859157 1.011383 5.081027 0.612201   4.859157  1.011383
4.599444 8.302256 6.494949 9.880978   4.599444  8.302256
9.122593 3.278298 6.827906 4.714194   9.122593  3.278298
1.597949 9.881283 8.526872 7.605823   1.597949  9.881283
8.546098 1.368145 7.183447 8.753319   8.546098  1.368145
7.035737 9.677114 7.254860 6.177251   7.035737  9.677114
7.569811 1.477706 9.833674 4.341868   7.569811  1.477706
4.237800 7.335124 2.375866 9.762871   4.237800  7.335124
4.263741 8.952299 5.478073 2.384411   4.263741  8.952299
3.125401 3.722037 9.449751 4.749290   3.125401  3.722037
4.702902 5.901059 2.847072 1.403241   4.702902  5.901059
7.405011 0.820643 3.500778 9.161046   7.405011  0.820643
9.812922 5.041048 0.645772 8.079776   9.812922  5.041048
0.625019 2.434462 4.170354 8.385265   0.625019  2.434462
6.380505 4.115726 9.212623 4.360790   6.380505  4.115726
2.123478 8.973052 3.280740 8.581500   2.123478  8.973052
0.663778 7.426069 9.131138 1.131321   0.663778  7.426069
3.851131 2.269662 7.060762 1.489914   3.851131  2.269662
4.341868 5.904111 4.566790 2.492447   4.341868  5.904111
7.777032 1.618091 1.181677 5.412763   7.777032  1.618091
4.771569 6.777246 7.405622 1.454817   4.771569  6.777246
6.993927 7.760552 1.281777 3.852046   6.993927  7.760552
9.948118 2.905972 8.437147 2.986846   9.948118  2.905972
6.881618 1.145970 7.303384 5.592822   6.881618  1.145970
0.693381 9.570910 0.026246 5.516221   0.693381  9.570910
6.800745 0.256050 5.255898 9.931334   6.800745  0.256050
0.231635 2.316355 7.788934 9.838252   0.231635  2.316355
3.919187 4.107181 5.648060 9.801630   3.919187  4.107181
4.911649 0.698569 7.017731 2.811670   4.911649  0.698569
9.848933 6.821497 4.205451 4.260384   9.848933  6.821497
5.605640 2.042909 2.216254 3.293863   5.605640  2.042909
3.809931 1.523789 9.157079 2.936491   3.809931  1.523789
5.283364 5.719779 1.644032 1.917478   5.283364  5.719779
3.238014 1.667531 0.771508 3.422346   3.238014  1.667531
8.186285 1.379742 6.274301 3.481857   8.186285  1.379742
5.002899 5.012970 8.012634 0.171209   5.002899  5.012970
5.717643 2.799463 6.885281 9.188513   5.717643  2.799463
5.229042 7.129734 5.025483 7.584460   5.229042  7.129734
4.209723 0.747398 5.205237 2.381665   4.209723  0.747398
0.383923 1.094089 8.531754 3.631092   0.383923  1.094089
6.626484 4.478591 5.085604 2.824793   6.626484  4.478591
5.608997 2.592853 7.566149 0.152593   5.608997  2.592853
2.166814 1.051973 6.648763 8.041932   2.166814  1.051973
8.476821 3.306070 7.278970 9.711295   8.476821  3.306070
8.990448 2.401196 0.837123 1.735282   8.990448  2.401196

--------------------------------------------------

#Generation No. -->2
#Variable_vector  Fitness_vector Constraint_violation Overall_penalty
6.330760 2.241890 4.220099 7.213660   6.330760  2.241890
4.779809 0.937223 8.411511 8.103274   4.779809  0.937223
2.664876 7.513352 7.900327 2.799463   2.664876  7.513352
7.472152 3.082370 9.924314 3.244423   7.472152  3.082370
5.468917 1.409345 2.613605 0.610675   5.468917  1.409345
1.855220 4.573504 6.128422 0.127567   1.855220  4.573504
1.878109 7.911618 7.562181 0.558489   1.878109  7.911618
2.043825 0.882290 8.725852 5.162206   2.043825  0.882290
3.420209 4.634541 9.893796 6.546525   3.420209  4.634541
3.343913 5.772881 4.031190 3.231605   3.343913  5.772881
9.170201 0.249947 0.125736 6.783654   9.170201  0.249947
3.917051 4.208807 6.473586 8.177435   3.917051  4.208807
4.143498 1.549730 7.831965 4.992523   4.143498  1.549730
0.754112 6.078066 0.614032 9.084445   0.754112  6.078066
1.162145 1.608020 4.137700 0.830103   1.162145  1.608020
3.065279 7.725150 4.915617 3.178808   3.065279  7.725150
2.487869 5.576342 9.739983 5.039522   2.487869  5.576342
5.881832 5.057833 6.959746 4.815516   5.881832  5.057833
1.629994 5.376446 0.705283 4.446852   1.629994  5.376446
1.685537 9.681692 0.795007 5.568712   1.685537  9.681692
1.827754 7.648243 5.951720 1.045259   1.827754  7.648243
1.739250 1.847285 8.935820 2.960906   1.739250  1.847285
0.760826 9.899899 2.991424 3.881039   0.760826  9.899899
7.494431 1.515549 2.261727 4.005859   7.494431  1.515549
1.771600 6.486099 1.267739 7.137669   1.771600  6.486099
7.027497 1.215857 4.905850 4.383374   7.027497  1.215857
4.781945 8.104800 1.891842 5.084994   4.781945  8.104800
8.305918 1.258583 6.272774 0.948210   8.305918  1.258583
9.014557 1.419111 4.986114 2.548906   9.014557  1.419111
1.448714 4.410230 4.564043 7.368084   1.448714  4.410230
2.913297 4.383069 8.044984 9.228492   2.913297  4.383069
9.393292 1.535081 2.824793 3.545640   9.393292  1.535081
5.610828 4.555803 3.744316 1.504562   5.610828  4.555803
3.193762 6.022828 6.352428 2.134770   3.193762  6.022828
7.296670 1.944945 3.420515 2.294382   7.296670  1.944945
1.646779 7.582018 3.112278 8.344371   1.646779  7.582018
3.271584 1.114231 5.965148 1.825617   3.271584  1.114231
8.160954 0.477615 6.624043 4.076663   8.160954  0.477615
1.134678 5.137791 4.246346 9.244057   1.134678  5.137791
6.632587 2.656026 6.379894 9.931639   6.632587  2.656026
4.859157 1.011383 5.081027 0.612201   4.859157  1.011383
4.599444 8.302256 6.494949 9.880978   4.599444  8.302256
1.597949 9.881283 8.526872 7.605823   1.597949  9.881283
8.546098 1.368145 7.183447 8.753319   8.546098  1.368145
7.569811 1.477706 9.833674 4.341868   7.569811  1.477706
4.237800 7.335124 2.375866 9.762871   4.237800  7.335124
4.263741 8.952299 5.478073 2.384411   4.263741  8.952299
3.125401 3.722037 9.449751 4.749290   3.125401  3.722037
4.702902 5.901059 2.847072 1.403241   4.702902  5.901059
7.405011 0.820643 3.500778 9.161046   7.405011  0.820643
0.625019 2.434462 4.170354 8.385265   0.625019  2.434462
6.380505 4.115726 9.212623 4.360790   6.380505  4.115726
2.123478 8.973052 3.280740 8.581500   2.123478  8.973052
0.663778 7.426069 9.131138 1.131321   0.663778  7.426069
3.851131 2.269662 7.060762 1.489914   3.851131  2.269662
4.341868 5.904111 4.566790 2.492447   4.341868  5.904111
7.777032 1.618091 1.181677 5.412763   7.777032  1.618091
4.771569 6.777246 7.405622 1.454817   4.771569  6.777246
9.948118 2.905972 8.437147 2.986846   9.948118  2.905972
6.881618 1.145970 7.303384 5.592822   6.881618  1.145970
0.693381 9.570910 0.026246 5.516221   0.693381  9.570910
6.800745 0.256050 5.255898 9.931334   6.800745  0.256050
0.231635 2.316355 7.788934 9.838252   0.231635  2.316355
3.919187 4.107181 5.648060 9.801630   3.919187  4.107181
4.911649 0.698569 7.017731 2.811670   4.911649  0.698569
5.605640 2.042909 2.216254 3.293863   5.605640  2.042909
3.809931 1.523789 9.157079 2.936491   3.809931  1.523789
5.283364 5.719779 1.644032 1.917478   5.283364  5.719779
3.238014 1.667531 0.771508 3.422346   3.238014  1.667531
8.186285 1.379742 6.274301 3.481857   8.186285  1.379742
5.002899 5.012970 8.012634 0.171209   5.002899  5.012970
5.717643 2.799463 6.885281 9.188513   5.717643  2.799463
5.229042 7.129734 5.025483 7.584460   5.229042  7.129734
4.209723 0.747398 5.205237 2.381665   4.209723  0.747398
0.383923 1.094089 8.531754 3.631092   0.383923  1.094089
5.608997 2.592853 7.566149 0.152593   5.608997  2.592853
2.166814 1.051973 6.648763 8.041932   2.166814  1.051973
8.990448 2.401196 0.837123 1.735282   8.990448  2.401196
2.138432 6.098514 9.686880 5.897091   2.138432  6.098514
9.329204 2.439955 5.624866 9.983825   9.329204  2.439955
4.172185 9.999390 4.984588 9.985352   4.172185  9.999390
7.116611 2.714316 2.262948 9.584338   7.116611  2.714316
4.277169 9.891965 9.997253 9.185766   4.277169  9.891965
4.140446 4.565264 9.523911 9.685659   4.140446  4.565264
4.994965 4.127018 9.266335 3.749809   4.994965  4.127018
4.977874 4.293954 2.730186 6.705832   4.977874  4.293954
2.328867 6.865139 8.320261 9.609363   2.328867  6.865139
3.749504 1.236000 8.413037 7.496567   3.749504  1.236000
4.947966 4.999542 9.667958 6.874905   4.947966  4.999542
4.959563 6.600848 4.678792 9.208961   4.959563  6.600848
3.083895 4.963225 4.291818 9.970092   3.083895  4.963225
3.671682 8.592792 9.804682 4.561602   3.671682  8.592792
3.748589 9.941404 9.921567 9.348735   3.748589  9.941404
3.703421 1.779534 8.415479 8.395642   3.703421  1.779534
4.764550 9.506821 9.374981 9.678335   4.764550  9.506821
5.846431 4.056826 8.578753 4.570147   5.846431  4.056826
1.246681 9.707023 7.400434 9.158910   1.246681  9.707023
1.064180 1.869869 9.980468 9.296853   1.064180  1.869869
2.919706 9.941404 9.914548 6.248970   2.919706  9.941404
4.981536 7.289957 9.774774 9.525743   4.981536  7.289957

--------------------------------------------------

#Generation No. -->3
#Variable_vector  Fitness_vector Constraint_violation Overall_penalty
2.043825 0.882290 8.725852 5.162206   2.043825  0.882290
9.170201 0.249947 0.125736 6.783654   9.170201  0.249947
1.162145 1.608020 4.137700 0.830103   1.162145  1.608020
0.625019 2.434462 4.170354 8.385265   0.625019  2.434462
6.800745 0.256050 5.255898 9.931334   6.800745  0.256050
0.231635 2.316355 7.788934 9.838252   0.231635  2.316355
4.911649 0.698569 7.017731 2.811670   4.911649  0.698569
4.209723 0.747398 5.205237 2.381665   4.209723  0.747398
0.383923 1.094089 8.531754 3.631092   0.383923  1.094089
1.064180 1.869869 9.980468 9.296853   1.064180  1.869869
5.666677 0.367138 0.005493 0.007630   5.666677  0.367138
5.666677 0.367138 0.005493 0.007630   5.666677  0.367138
5.666677 0.367138 0.005493 0.007630   5.666677  0.367138
5.666677 0.367138 0.005493 0.007630   5.666677  0.367138
5.666677 0.367138 0.005493 0.007630   5.666677  0.367138
5.666677 0.367138 0.005493 0.007630   5.666677  0.367138
5.666677 0.367138 0.005493 0.007630   5.666677  0.367138
5.666677 0.367138 0.005493 0.007630   5.666677  0.367138
0.666524 0.367138 0.005493 0.007630   0.666524  0.367138
5.666677 0.367138 0.005493 0.007630   5.666677  0.367138
5.666677 0.367138 0.005493 0.007630   5.666677  0.367138
0.666524 0.367138 0.005493 0.007630   0.666524  0.367138
5.666677 0.367138 0.005493 0.007630   5.666677  0.367138
5.666677 0.367138 0.005493 0.007630   5.666677  0.367138
5.666677 0.367138 0.005493 0.007630   5.666677  0.367138
5.666677 0.367138 0.005493 0.007630   5.666677  0.367138
5.666677 0.367138 0.005493 0.007630   5.666677  0.367138
5.666677 0.367138 0.005493 0.007630   5.666677  0.367138
5.666677 0.367138 0.005493 0.007630   5.666677  0.367138
5.666677 0.367138 0.005493 0.007630   5.666677  0.367138
0.666524 0.367138 0.005493 0.007630   0.666524  0.367138
5.666677 0.367138 0.005493 0.007630   5.666677  0.367138
5.666677 0.367138 0.005493 0.007630   5.666677  0.367138
0.666524 0.367138 0.005493 0.007630   0.666524  0.367138
0.666524 0.367138 0.005493 0.007630   0.666524  0.367138
5.666677 0.367138 0.005493 0.007630   5.666677  0.367138
5.666677 0.367138 0.005493 0.007630   5.666677  0.367138
5.666677 0.367138 0.005493 0.007630   5.666677  0.367138
5.666677 0.367138 0.005493 0.007630   5.666677  0.367138
5.666677 0.367138 0.005493 0.007630   5.666677  0.367138
0.666524 0.367138 0.005493 0.007630   0.666524  0.367138
5.666677 0.367138 0.005493 0.007630   5.666677  0.367138
5.666677 0.367138 0.005493 0.007630   5.666677  0.367138
5.666677 0.367138 0.005493 0.007630   5.666677  0.367138
5.666677 0.367138 0.005493 0.007630   5.666677  0.367138
0.666524 0.367138 0.005493 0.007630   0.666524  0.367138
5.666677 0.367138 0.005493 0.007630   5.666677  0.367138
5.666677 0.367138 0.005493 0.007630   5.666677  0.367138
5.666677 0.367138 0.005493 0.007630   5.666677  0.367138
5.666677 0.367138 0.005493 0.007630   5.666677  0.367138
5.666677 0.367138 0.005493 0.007630   5.666677  0.367138
5.666677 0.367138 0.005493 0.007630   5.666677  0.367138
5.666677 0.367138 0.005493 0.007630   5.666677  0.367138
5.666677 0.367138 0.005493 0.007630   5.666677  0.367138
5.666677 0.367138 0.005493 0.007630   5.666677  0.367138
0.666524 0.367138 0.005493 0.007630   0.666524  0.367138
5.666677 0.367138 0.005493 0.007630   5.666677  0.367138
0.666524 0.367138 0.005493 0.007630   0.666524  0.367138
0.666524 0.367138 0.005493 0.007630   0.666524  0.367138
5.666677 0.367138 0.005493 0.007630   5.666677  0.367138
5.666677 0.367138 0.005493 0.007630   5.666677  0.367138
5.666677 0.367138 0.005493 0.007630   5.666677  0.367138
5.666677 0.367138 0.005493 0.007630   5.666677  0.367138
5.666677 0.367138 0.005493 0.007630   5.666677  0.367138
5.666677 0.367138 0.005493 0.007630   5.666677  0.367138
0.666524 0.367138 0.005493 0.007630   0.666524  0.367138
5.666677 0.367138 0.005493 0.007630   5.666677  0.367138
5.666677 0.367138 0.005493 0.007630   5.666677  0.367138
0.666524 0.367138 0.005493 0.007630   0.666524  0.367138
0.666524 0.367138 0.005493 0.007630   0.666524  0.367138
0.666524 0.367138 0.005493 0.007630   0.666524  0.367138
5.666677 0.367138 0.005493 0.007630   5.666677  0.367138
5.666677 0.367138 0.005493 0.007630   5.666677  0.367138
5.666677 0.367138 0.005493 0.007630   5.666677  0.367138
5.666677 0.367138 0.005493 0.007630   5.666677  0.367138
5.666677 0.367138 0.005493 0.007630   5.666677  0.367138
0.666524 0.367138 0.005493 0.007630   0.666524  0.367138
5.666677 0.367138 0.005493 0.007630   5.666677  0.367138
5.666677 0.367138 0.005493 0.007630   5.666677  0.367138
0.666524 0.367138 0.005493 0.007630   0.666524  0.367138
5.666677 0.367138 0.005493 0.007630   5.666677  0.367138
5.666677 0.367138 0.005493 0.007630   5.666677  0.367138
5.666677 0.367138 0.005493 0.007630   5.666677  0.367138
5.666677 0.367138 0.005493 0.007630   5.666677  0.367138
0.666524 0.367138 0.005493 0.007630   0.666524  0.367138
5.666677 0.367138 0.005493 0.007630   5.666677  0.367138
5.666677 0.367138 0.005493 0.007630   5.666677  0.367138
5.666677 0.367138 0.005493 0.007630   5.666677  0.367138
5.666677 0.367138 0.005493 0.007630   5.666677  0.367138
5.666677 0.367138 0.005493 0.007630   5.666677  0.367138
5.666677 0.367138 0.005493 0.007630   5.666677  0.367138
5.666677 0.367138 0.005493 0.007630   5.666677  0.367138
5.666677 0.367138 0.005493 0.007630   5.666677  0.367138
5.666677 0.367138 0.005493 0.007630   5.666677  0.367138
0.666524 0.367138 0.005493 0.007630   0.666524  0.367138
5.666677 0.367138 0.005493 0.007630   5.666677  0.367138
0.666524 0.367138 0.005493 0.007630   0.666524  0.367138
0.666524 0.367138 0.005493 0.007630   0.666524  0.367138
0.666524 0.367138 0.005493 0.007630   0.666524  0.367138
0.666524 0.367138 0.005493 0.007630   0.666524  0.367138

--------------------------------------------------

#Generation No. -->4
#Variable_vector  Fitness_vector Constraint_violation Overall_penalty
2.043825 0.882290 8.725852 5.162206   2.043825  0.882290
0.625019 2.434462 4.170354 8.385265   0.625019  2.434462
0.231635 2.316355 7.788934 9.838252   0.231635  2.316355
4.911649 0.698569 7.017731 2.811670   4.911649  0.698569
4.209723 0.747398 5.205237 2.381665   4.209723  0.747398
0.383923 1.094089 8.531754 3.631092   0.383923  1.094089
5.666677 0.367138 0.005493 0.007630   5.666677  0.367138
5.666677 0.367138 0.005493 0.007630   5.666677  0.367138
5.666677 0.367138 0.005493 0.007630   5.666677  0.367138
0.666524 0.367138 0.005493 0.007630   0.666524  0.367138
5.666677 0.367138 0.005493 0.007630   5.666677  0.367138
5.666677 0.367138 0.005493 0.007630   5.666677  0.367138
0.666524 0.367138 0.005493 0.007630   0.666524  0.367138
5.666677 0.367138 0.005493 0.007630   5.666677  0.367138
5.666677 0.367138 0.005493 0.007630   5.666677  0.367138
5.666677 0.367138 0.005493 0.007630   5.666677  0.367138
5.666677 0.367138 0.005493 0.007630   5.666677  0.367138
5.666677 0.367138 0.005493 0.007630   5.666677  0.367138
5.666677 0.367138 0.005493 0.007630   5.666677  0.367138
5.666677 0.367138 0.005493 0.007630   5.666677  0.367138
5.666677 0.367138 0.005493 0.007630   5.666677  0.367138
0.666524 0.367138 0.005493 0.007630   0.666524  0.367138
5.666677 0.367138 0.005493 0.007630   5.666677  0.367138
5.666677 0.367138 0.005493 0.007630   5.666677  0.367138
0.666524 0.367138 0.005493 0.007630   0.666524  0.367138
0.666524 0.367138 0.005493 0.007630   0.666524  0.367138
5.666677 0.367138 0.005493 0.007630   5.666677  0.367138
5.666677 0.367138 0.005493 0.007630   5.666677  0.367138
5.666677 0.367138 0.005493 0.007630   5.666677  0.367138
5.666677 0.367138 0.005493 0.007630   5.666677  0.367138
5.666677 0.367138 0.005493 0.007630   5.666677  0.367138
0.666524 0.367138 0.005493 0.007630   0.666524  0.367138
5.666677 0.367138 0.005493 0.007630   5.666677  0.367138
5.666677 0.367138 0.005493 0.007630   5.666677  0.367138
5.666677 0.367138 0.005493 0.007630   5.666677  0.367138
5.666677 0.367138 0.005493 0.007630   5.666677  0.367138
0.666524 0.367138 0.005493 0.007630   0.666524  0.367138
5.666677 0.367138 0.005493 0.007630   5.666677  0.367138
5.666677 0.367138 0.005493 0.007630   5.666677  0.367138
5.666677 0.367138 0.005493 0.007630   5.666677  0.367138
5.666677 0.367138 0.005493 0.007630   5.666677  0.367138
5.666677 0.367138 0.005493 0.007630   5.666677  0.367138
5.666677 0.367138 0.005493 0.007630   5.666677  0.367138
5.666677 0.367138 0.005493 0.007630   5.666677  0.367138
5.666677 0.367138 0.005493 0.007630   5.666677  0.367138
5.666677 0.367138 0.005493 0.007630   5.666677  0.367138
0.666524 0.367138 0.005493 0.007630   0.666524  0.367138
5.666677 0.367138 0.005493 0.007630   5.666677  0.367138
0.666524 0.367138 0.005493 0.007630   0.666524  0.367138
0.666524 0.367138 0.005493 0.007630   0.666524  0.367138
5.666677 0.367138 0.005493 0.007630   5.666677  0.367138
5.666677 0.367138 0.005493 0.007630   5.666677  0.367138
5.666677 0.367138 0.005493 0.007630   5.666677  0.367138
5.666677 0.367138 0.005493 0.007630   5.666677  0.367138
5.666677 0.367138 0.005493 0.007630   5.666677  0.367138
5.666677 0.367138 0.005493 0.007630   5.666677  0.367138
0.666524 0.367138 0.005493 0.007630   0.666524  0.367138
5.666677 0.367138 0.005493 0.007630   5.666677  0.367138
5.666677 0.367138 0.005493 0.007630   5.666677  0.367138
0.666524 0.367138 0.005493 0.007630   0.666524  0.367138
0.666524 0.367138 0.005493 0.007630   0.666524  0.367138
0.666524 0.367138 0.005493 0.007630   0.666524  0.367138
5.666677 0.367138 0.005493 0.007630   5.666677  0.367138
5.666677 0.367138 0.005493 0.007630   5.666677  0.367138
5.666677 0.367138 0.005493 0.007630   5.666677  0.367138
5.666677 0.367138 0.005493 0.007630   5.666677  0.367138
5.666677 0.367138 0.005493 0.007630   5.666677  0.367138
0.666524 0.367138 0.005493 0.007630   0.666524  0.367138
5.666677 0.367138 0.005493 0.007630   5.666677  0.367138
5.666677 0.367138 0.005493 0.007630   5.666677  0.367138
0.666524 0.367138 0.005493 0.007630   0.666524  0.367138
5.666677 0.367138 0.005493 0.007630   5.666677  0.367138
5.666677 0.367138 0.005493 0.007630   5.666677  0.367138
5.666677 0.367138 0.005493 0.007630   5.666677  0.367138
5.666677 0.367138 0.005493 0.007630   5.666677  0.367138
0.666524 0.367138 0.005493 0.007630   0.666524  0.367138
5.666677 0.367138 0.005493 0.007630   5.666677  0.367138
5.666677 0.367138 0.005493 0.007630   5.666677  0.367138
5.666677 0.367138 0.005493 0.007630   5.666677  0.367138
5.666677 0.367138 0.005493 0.007630   5.666677  0.367138
5.666677 0.367138 0.005493 0.007630   5.666677  0.367138
5.666677 0.367138 0.005493 0.007630   5.666677  0.367138
0.666524 0.367138 0.005493 0.007630   0.666524  0.367138
0.666524 0.367138 0.005493 0.007630   0.666524  0.367138
0.666524 0.367138 0.005493 0.007630   0.666524  0.367138
0.666524 0.367138 0.005493 0.007630   0.666524  0.367138
0.666524 0.367138 0.005493 0.007630   0.666524  0.367138
5.042268 0.065920 1.023591 9.053316   5.042268  0.065920
5.134739 0.539567 8.158513 6.527909   5.134739  0.539567
2.212592 0.568865 9.958495 1.114536   2.212592  0.568865
0.023194 3.634449 6.277963 1.999573   0.023194  3.634449
5.239112 0.651570 0.332652 9.454329   5.239112  0.651570
6.009705 0.301218 7.683950 3.958556   6.009705  0.301218
0.508744 1.093173 6.534318 1.822871   0.508744  1.093173
0.703757 1.019929 9.012726 7.292703   0.703757  1.019929
0.061342 6.224250 5.077975 5.184484   0.061342  6.224250
0.844142 1.439863 9.164708 8.835719   0.844142  1.439863
5.542772 0.178533 9.767144 8.467971   5.542772  0.178533
6.700949 0.190741 2.215034 1.119724   6.700949  0.190741
6.410718 0.263985 2.898343 6.755882   6.410718  0.263985

--------------------------------------------------

#Generation No. -->5
#Variable_vector  Fitness_vector Constraint_violation Overall_penalty
2.043825 0.882290 8.725852 5.162206   2.043825  0.882290
0.625019 2.434462 4.170354 8.385265   0.625019  2.434462
0.231635 2.316355 7.788934 9.838252   0.231635  2.316355
4.911649 0.698569 7.017731 2.811670   4.911649  0.698569
4.209723 0.747398 5.205237 2.381665   4.209723  0.747398
0.383923 1.094089 8.531754 3.631092   0.383923  1.094089
5.666677 0.367138 0.005493 0.007630   5.666677  0.367138
5.666677 0.367138 0.005493 0.007630   5.666677  0.367138
5.666677 0.367138 0.005493 0.007630   5.666677  0.367138
0.666524 0.367138 0.005493 0.007630   0.666524  0.367138
5.666677 0.367138 0.005493 0.007630   5.666677  0.367138
5.666677 0.367138 0.005493 0.007630   5.666677  0.367138
0.666524 0.367138 0.005493 0.007630   0.666524  0.367138
5.666677 0.367138 0.005493 0.007630   5.666677  0.367138
5.666677 0.367138 0.005493 0.007630   5.666677  0.367138
5.666677 0.367138 0.005493 0.007630   5.666677  0.367138
5.666677 0.367138 0.005493 0.007630   5.666677  0.367138
5.666677 0.367138 0.005493 0.007630   5.666677  0.367138
5.666677 0.367138 0.005493 0.007630   5.666677  0.367138
5.666677 0.367138 0.005493 0.007630   5.666677  0.367138
5.666677 0.367138 0.005493 0.007630   5.666677  0.367138
0.666524 0.367138 0.005493 0.007630   0.666524  0.367138
5.666677 0.367138 0.005493 0.007630   5.666677  0.367138
5.666677 0.367138 0.005493 0.007630   5.666677  0.367138
0.666524 0.367138 0.005493 0.007630   0.666524  0.367138
0.666524 0.367138 0.005493 0.007630   0.666524  0.367138
5.666677 0.367138 0.005493 0.007630   5.666677  0.367138
5.666677 0.367138 0.005493 0.007630   5.666677  0.367138
5.666677 0.367138 0.005493 0.007630   5.666677  0.367138
5.666677 0.367138 0.005493 0.007630   5.666677  0.367138
5.666677 0.367138 0.005493 0.007630   5.666677  0.367138
0.666524 0.367138 0.005493 0.007630   0.666524  0.367138
5.666677 0.367138 0.005493 0.007630   5.666677  0.367138
5.666677 0.367138 0.005493 0.007630   5.666677  0.367138
5.666677 0.367138 0.005493 0.007630   5.666677  0.367138
5.666677 0.367138 0.005493 0.007630   5.666677  0.367138
0.666524 0.367138 0.005493 0.007630   0.666524  0.367138
5.666677 0.367138 0.005493 0.007630   5.666677  0.367138
5.666677 0.367138 0.005493 0.007630   5.666677  0.367138
5.666677 0.367138 0.005493 0.007630   5.666677  0.367138
5.666677 0.367138 0.005493 0.007630   5.666677  0.367138
5.666677 0.367138 0.005493 0.007630   5.666677  0.367138
5.666677 0.367138 0.005493 0.007630   5.666677  0.367138
5.666677 0.367138 0.005493 0.007630   5.666677  0.367138
5.666677 0.367138 0.005493 0.007630   5.666677  0.367138
5.666677 0.367138 0.005493 0.007630   5.666677  0.367138
0.666524 0.367138 0.005493 0.007630   0.666524  0.367138
5.666677 0.367138 0.005493 0.007630   5.666677  0.367138
0.666524 0.367138 0.005493 0.007630   0.666524  0.367138
0.666524 0.367138 0.005493 0.007630   0.666524  0.367138
5.666677 0.367138 0.005493 0.007630   5.666677  0.367138
5.666677 0.367138 0.005493 0.007630   5.666677  0.367138
5.666677 0.367138 0.005493 0.007630   5.666677  0.367138
5.666677 0.367138 0.005493 0.007630   5.666677  0.367138
5.666677 0.367138 0.005493 0.007630   5.666677  0.367138
5.666677 0.367138 0.005493 0.007630   5.666677  0.367138
0.666524 0.367138 0.005493 0.007630   0.666524  0.367138
5.666677 0.367138 0.005493 0.007630   5.666677  0.367138
5.666677 0.367138 0.005493 0.007630   5.666677  0.367138
0.666524 0.367138 0.005493 0.007630   0.666524  0.367138
0.666524 0.367138 0.005493 0.007630   0.666524  0.367138
0.666524 0.367138 0.005493 0.007630   0.666524  0.367138
5.666677 0.367138 0.005493 0.007630   5.666677  0.367138
5.666677 0.367138 0.005493 0.007630   5.666677  0.367138
5.666677 0.367138 0.005493 0.007630   5.666677  0.367138
5.666677 0.367138 0.005493 0.007630   5.666677  0.367138
5.666677 0.367138 0.005493 0.007630   5.666677  0.367138
0.666524 0.367138 0.005493 0.007630   0.666524  0.367138
5.666677 0.367138 0.005493 0.007630   5.666677  0.367138
5.666677 0.367138 0.005493 0.007630   5.666677  0.367138
0.666524 0.367138 0.005493 0.007630   0.666524  0.367138
5.666677 0.367138 0.005493 0.007630   5.666677  0.367138
5.666677 0.367138 0.005493 0.007630   5.666677  0.367138
5.666677 0.367138 0.005493 0.007630   5.666677  0.367138
5.666677 0.367138 0.005493 0.007630   5.666677  0.367138
0.666524 0.367138 0.005493 0.007630   0.666524  0.367138
5.666677 0.367138 0.005493 0.007630   5.666677  0.367138
5.666677 0.367138 0.005493 0.007630   5.666677  0.367138
5.666677 0.367138 0.005493 0.007630   5.666677  0.367138
5.666677 0.367138 0.005493 0.007630   5.666677  0.367138
5.666677 0.367138 0.005493 0.007630   5.666677  0.367138
5.666677 0.367138 0.005493 0.007630   5.666677  0.367138
0.666524 0.367138 0.005493 0.007630   0.666524  0.367138
0.666524 0.367138 0.005493 0.007630   0.666524  0.367138
0.666524 0.367138 0.005493 0.007630   0.666524  0.367138
0.666524 0.367138 0.005493 0.007630   0.666524  0.367138
0.666524 0.367138 0.005493 0.007630   0.666524  0.367138
5.042268 0.065920 1.023591 9.053316   5.042268  0.065920
5.134739 0.539567 8.158513 6.527909   5.134739  0.539567
2.212592 0.568865 9.958495 1.114536   2.212592  0.568865
0.023194 3.634449 6.277963 1.999573   0.023194  3.634449
5.239112 0.651570 0.332652 9.454329   5.239112  0.651570
6.009705 0.301218 7.683950 3.958556   6.009705  0.301218
0.508744 1.093173 6.534318 1.822871   0.508744  1.093173
0.703757 1.019929 9.012726 7.292703   0.703757  1.019929
0.061342 6.224250 5.077975 5.184484   0.061342  6.224250
0.844142 1.439863 9.164708 8.835719   0.844142  1.439863
5.542772 0.178533 9.767144 8.467971   5.542772  0.178533
6.700949 0.190741 2.215034 1.119724   6.700949  0.190741
6.410718 0.263985 2.898343 6.755882   6.410718  0.263985

--------------------------------------------------

