Results in a file
----------------------------------------------------
Statistics at Generation 0 ->
--------------------------------------------------
Population at generation no. -->1


---------------------------------------------------
Generation No.     ->1
------------------------------------------------------
 variables (real 0 binary 4)  fitness (2)  rank cublen || variables  fitness rank cublen

------------------------------------------------
6.330760 2.241890 4.220099 7.213660   6.3308  2.2419 7 0.000000 |**|6.330760 2.241890 4.220099 7.213660   6.330760  2.241890 7  0.474108 
------------------------------------------------
4.779809 0.937223 8.411511 8.103274   4.7798  0.9372 2 0.000000 |**|4.779809 0.937223 8.411511 8.103274   4.779809  0.937223 2  0.813312 
------------------------------------------------
2.664876 7.513352 7.900327 2.799463   2.6649  7.5134 6 0.000000 |**|2.664876 7.513352 7.900327 2.799463   2.664876  7.513352 6  0.399305 
------------------------------------------------
7.472152 3.082370 9.924314 3.244423   7.4722  3.0824 9 0.000000 |**|7.472152 3.082370 9.924314 3.244423   7.472152  3.082370 9  1.046151 
------------------------------------------------
5.468917 1.409345 2.613605 0.610675   5.4689  1.4093 4 0.000000 |**|5.468917 1.409345 2.613605 0.610675   5.468917  1.409345 4  0.541220 
------------------------------------------------
1.855220 4.573504 6.128422 0.127567   1.8552  4.5735 4 0.000000 |**|1.855220 4.573504 6.128422 0.127567   1.855220  4.573504 4  0.325287 
------------------------------------------------
1.878109 7.911618 7.562181 0.558489   1.8781  7.9116 7 0.000000 |**|1.878109 7.911618 7.562181 0.558489   1.878109  7.911618 7  1645.771606 
------------------------------------------------
2.043825 0.882290 8.725852 5.162206   2.0438  0.8823 1 0.000000 |**|2.043825 0.882290 8.725852 5.162206   2.043825  0.882290 1  0.595785 
------------------------------------------------
3.420209 4.634541 9.893796 6.546525   3.4202  4.6345 5 0.000000 |**|3.420209 4.634541 9.893796 6.546525   3.420209  4.634541 5  0.598318 
------------------------------------------------
3.343913 5.772881 4.031190 3.231605   3.3439  5.7729 6 0.000000 |**|3.343913 5.772881 4.031190 3.231605   3.343913  5.772881 6  0.324614 
------------------------------------------------
9.170201 0.249947 0.125736 6.783654   9.1702  0.2499 1 0.000000 |**|9.170201 0.249947 0.125736 6.783654   9.170201  0.249947 1  1148.655640 
------------------------------------------------
6.793420 6.418348 1.701712 7.566454   6.7934  6.4183 11 0.000000 |**|6.793420 6.418348 1.701712 7.566454   6.793420  6.418348 11  0.875124 
------------------------------------------------
9.798883 3.099460 0.356151 2.857753   9.7989  3.0995 10 0.000000 |**|9.798883 3.099460 0.356151 2.857753   9.798883  3.099460 10  0.348404 
------------------------------------------------
3.917051 4.208807 6.473586 8.177435   3.9171  4.2088 6 0.000000 |**|3.917051 4.208807 6.473586 8.177435   3.917051  4.208807 6  0.284648 
------------------------------------------------
4.143498 1.549730 7.831965 4.992523   4.1435  1.5497 5 0.000000 |**|4.143498 1.549730 7.831965 4.992523   4.143498  1.549730 5  0.628216 
------------------------------------------------
0.754112 6.078066 0.614032 9.084445   0.7541  6.0781 3 0.000000 |**|0.754112 6.078066 0.614032 9.084445   0.754112  6.078066 3  0.468968 
------------------------------------------------
1.162145 1.608020 4.137700 0.830103   1.1621  1.6080 2 0.000000 |**|1.162145 1.608020 4.137700 0.830103   1.162145  1.608020 2  0.911080 
------------------------------------------------
9.271523 3.349101 2.087771 5.885190   9.2715  3.3491 11 0.000000 |**|9.271523 3.349101 2.087771 5.885190   9.271523  3.349101 11  1861.537598 
------------------------------------------------
3.065279 7.725150 4.915617 3.178808   3.0653  7.7252 7 0.000000 |**|3.065279 7.725150 4.915617 3.178808   3.065279  7.725150 7  0.441986 
------------------------------------------------
2.487869 5.576342 9.739983 5.039522   2.4879  5.5763 5 0.000000 |**|2.487869 5.576342 9.739983 5.039522   2.487869  5.576342 5  0.476290 
------------------------------------------------
5.881832 5.057833 6.959746 4.815516   5.8818  5.0578 9 0.000000 |**|5.881832 5.057833 6.959746 4.815516   5.881832  5.057833 9  0.708475 
------------------------------------------------
1.629994 5.376446 0.705283 4.446852   1.6300  5.3764 4 0.000000 |**|1.629994 5.376446 0.705283 4.446852   1.629994  5.376446 4  0.780918 
------------------------------------------------
7.777337 3.492233 7.424238 4.308908   7.7773  3.4922 10 0.000000 |**|7.777337 3.492233 7.424238 4.308908   7.777337  3.492233 10  0.907601 
------------------------------------------------
1.685537 9.681692 0.795007 5.568712   1.6855  9.6817 6 0.000000 |**|1.685537 9.681692 0.795007 5.568712   1.685537  9.681692 6  1798.760986 
------------------------------------------------
1.827754 7.648243 5.951720 1.045259   1.8278  7.6482 6 0.000000 |**|1.827754 7.648243 5.951720 1.045259   1.827754  7.648243 6  0.405355 
------------------------------------------------
1.739250 1.847285 8.935820 2.960906   1.7392  1.8473 3 0.000000 |**|1.739250 1.847285 8.935820 2.960906   1.739250  1.847285 3  0.854059 
------------------------------------------------
7.046724 6.519059 8.050173 8.912930   7.0467  6.5191 12 0.000000 |**|7.046724 6.519059 8.050173 8.912930   7.046724  6.519059 12  1.377388 
------------------------------------------------
0.760826 9.899899 2.991424 3.881039   0.7608  9.8999 5 0.000000 |**|0.760826 9.899899 2.991424 3.881039   0.760826  9.899899 5  1692.739746 
------------------------------------------------
7.494431 1.515549 2.261727 4.005859   7.4944  1.5155 6 0.000000 |**|7.494431 1.515549 2.261727 4.005859   7.494431  1.515549 6  0.096729 
------------------------------------------------
1.771600 6.486099 1.267739 7.137669   1.7716  6.4861 5 0.000000 |**|1.771600 6.486099 1.267739 7.137669   1.771600  6.486099 5  0.365178 
------------------------------------------------
7.027497 1.215857 4.905850 4.383374   7.0275  1.2159 5 0.000000 |**|7.027497 1.215857 4.905850 4.383374   7.027497  1.215857 5  1692.739746 
------------------------------------------------
9.870907 7.547227 7.046113 9.108249   9.8709  7.5472 14 0.000000 |**|9.870907 7.547227 7.046113 9.108249   9.870907  7.547227 14  1962.950562 
------------------------------------------------
4.781945 8.104800 1.891842 5.084994   4.7819  8.1048 9 0.000000 |**|4.781945 8.104800 1.891842 5.084994   4.781945  8.104800 9  1749.809326 
------------------------------------------------
8.305918 1.258583 6.272774 0.948210   8.3059  1.2586 6 0.000000 |**|8.305918 1.258583 6.272774 0.948210   8.305918  1.258583 6  1798.760986 
------------------------------------------------
8.333079 5.440229 5.521409 4.575640   8.3331  5.4402 11 0.000000 |**|8.333079 5.440229 5.521409 4.575640   8.333079  5.440229 11  1.124876 
------------------------------------------------
9.014557 1.419111 4.986114 2.548906   9.0146  1.4191 8 0.000000 |**|9.014557 1.419111 4.986114 2.548906   9.014557  1.419111 8  1798.760864 
------------------------------------------------
1.448714 4.410230 4.564043 7.368084   1.4487  4.4102 3 0.000000 |**|1.448714 4.410230 4.564043 7.368084   1.448714  4.410230 3  0.657069 
------------------------------------------------
2.913297 4.383069 8.044984 9.228492   2.9133  4.3831 4 0.000000 |**|2.913297 4.383069 8.044984 9.228492   2.913297  4.383069 4  0.306322 
------------------------------------------------
9.393292 1.535081 2.824793 3.545640   9.3933  1.5351 9 0.000000 |**|9.393292 1.535081 2.824793 3.545640   9.393292  1.535081 9  1749.809326 
------------------------------------------------
6.375927 9.343852 9.897458 0.467544   6.3759  9.3439 11 0.000000 |**|6.375927 9.343852 9.897458 0.467544   6.375927  9.343852 11  1861.537598 
------------------------------------------------
5.610828 4.555803 3.744316 1.504562   5.6108  4.5558 8 0.000000 |**|5.610828 4.555803 3.744316 1.504562   5.610828  4.555803 8  0.449615 
------------------------------------------------
3.193762 6.022828 6.352428 2.134770   3.1938  6.0228 6 0.000000 |**|3.193762 6.022828 6.352428 2.134770   3.193762  6.022828 6  0.309198 
------------------------------------------------
7.296670 1.944945 3.420515 2.294382   7.2967  1.9449 6 0.000000 |**|7.296670 1.944945 3.420515 2.294382   7.296670  1.944945 6  0.347908 
------------------------------------------------
8.570513 9.758598 6.433607 5.254372   8.5705  9.7586 14 0.000000 |**|8.570513 9.758598 6.433607 5.254372   8.570513  9.758598 14  1962.950562 
------------------------------------------------
9.459212 6.393017 2.294992 7.975402   9.4592  6.3930 12 0.000000 |**|9.459212 6.393017 2.294992 7.975402   9.459212  6.393017 12  1.524756 
------------------------------------------------
5.995361 5.573901 4.112674 9.087497   5.9954  5.5739 10 0.000000 |**|5.995361 5.573901 4.112674 9.087497   5.995361  5.573901 10  1552.201904 
------------------------------------------------
1.646779 7.582018 3.112278 8.344371   1.6468  7.5820 5 0.000000 |**|1.646779 7.582018 3.112278 8.344371   1.646779  7.582018 5  0.418678 
------------------------------------------------
7.218543 9.628284 8.215888 9.766534   7.2185  9.6283 13 0.000000 |**|7.218543 9.628284 8.215888 9.766534   7.218543  9.628284 13  1.233155 
------------------------------------------------
9.868160 6.566362 0.808435 0.082705   9.8682  6.5664 13 0.000000 |**|9.868160 6.566362 0.808435 0.082705   9.868160  6.566362 13  1954.527466 
------------------------------------------------
3.271584 1.114231 5.965148 1.825617   3.2716  1.1142 3 0.000000 |**|3.271584 1.114231 5.965148 1.825617   3.271584  1.114231 3  0.488700 
------------------------------------------------
8.160954 0.477615 6.624043 4.076663   8.1610  0.4776 2 0.000000 |**|8.160954 0.477615 6.624043 4.076663   8.160954  0.477615 2  1059.541626 
------------------------------------------------
1.134678 5.137791 4.246346 9.244057   1.1347  5.1378 3 0.000000 |**|1.134678 5.137791 4.246346 9.244057   1.134678  5.137791 3  0.425566 
------------------------------------------------
8.223823 7.145909 2.306589 4.177068   8.2238  7.1459 13 0.000000 |**|8.223823 7.145909 2.306589 4.177068   8.223823  7.145909 13  1.830957 
------------------------------------------------
6.632587 2.656026 6.379894 9.931639   6.6326  2.6560 8 0.000000 |**|6.632587 2.656026 6.379894 9.931639   6.632587  2.656026 8  0.527657 
------------------------------------------------
7.439802 6.300241 3.127232 9.183325   7.4398  6.3002 11 0.000000 |**|7.439802 6.300241 3.127232 9.183325   7.439802  6.300241 11  0.694887 
------------------------------------------------
4.859157 1.011383 5.081027 0.612201   4.8592  1.0114 3 0.000000 |**|4.859157 1.011383 5.081027 0.612201   4.859157  1.011383 3  1228.522583 
------------------------------------------------
4.599444 8.302256 6.494949 9.880978   4.5994  8.3023 8 0.000000 |**|4.599444 8.302256 6.494949 9.880978   4.599444  8.302256 8  0.361630 
------------------------------------------------
9.122593 3.278298 6.827906 4.714194   9.1226  3.2783 10 0.000000 |**|9.122593 3.278298 6.827906 4.714194   9.122593  3.278298 10  0.411908 
------------------------------------------------
1.597949 9.881283 8.526872 7.605823   1.5979  9.8813 5 0.000000 |**|1.597949 9.881283 8.526872 7.605823   1.597949  9.881283 5  0.408288 
------------------------------------------------
8.546098 1.368145 7.183447 8.753319   8.5461  1.3681 7 0.000000 |**|8.546098 1.368145 7.183447 8.753319   8.546098  1.368145 7  1645.771606 
------------------------------------------------
7.035737 9.677114 7.254860 6.177251   7.0357  9.6771 13 0.000000 |**|7.035737 9.677114 7.254860 6.177251   7.035737  9.677114 13  1954.527466 
------------------------------------------------
7.569811 1.477706 9.833674 4.341868   7.5698  1.4777 6 0.000000 |**|7.569811 1.477706 9.833674 4.341868   7.569811  1.477706 6  0.120627 
------------------------------------------------
4.237800 7.335124 2.375866 9.762871   4.2378  7.3351 7 0.000000 |**|4.237800 7.335124 2.375866 9.762871   4.237800  7.335124 7  0.469749 
------------------------------------------------
4.263741 8.952299 5.478073 2.384411   4.2637  8.9523 8 0.000000 |**|4.263741 8.952299 5.478073 2.384411   4.263741  8.952299 8  0.448101 
------------------------------------------------
3.125401 3.722037 9.449751 4.749290   3.1254  3.7220 4 0.000000 |**|3.125401 3.722037 9.449751 4.749290   3.125401  3.722037 4  0.484276 
------------------------------------------------
4.702902 5.901059 2.847072 1.403241   4.7029  5.9011 7 0.000000 |**|4.702902 5.901059 2.847072 1.403241   4.702902  5.901059 7  0.235323 
------------------------------------------------
7.405011 0.820643 3.500778 9.161046   7.4050  0.8206 2 0.000000 |**|7.405011 0.820643 3.500778 9.161046   7.405011  0.820643 2  0.683542 
------------------------------------------------
9.812922 5.041048 0.645772 8.079776   9.8129  5.0410 12 0.000000 |**|9.812922 5.041048 0.645772 8.079776   9.812922  5.041048 12  1757.347412 
------------------------------------------------
0.625019 2.434462 4.170354 8.385265   0.6250  2.4345 2 0.000000 |**|0.625019 2.434462 4.170354 8.385265   0.625019  2.434462 2  1059.541626 
------------------------------------------------
6.380505 4.115726 9.212623 4.360790   6.3805  4.1157 9 0.000000 |**|6.380505 4.115726 9.212623 4.360790   6.380505  4.115726 9  0.645563 
------------------------------------------------
2.123478 8.973052 3.280740 8.581500   2.1235  8.9731 8 0.000000 |**|2.123478 8.973052 3.280740 8.581500   2.123478  8.973052 8  1798.760864 
------------------------------------------------
0.663778 7.426069 9.131138 1.131321   0.6638  7.4261 3 0.000000 |**|0.663778 7.426069 9.131138 1.131321   0.663778  7.426069 3  1228.522583 
------------------------------------------------
3.851131 2.269662 7.060762 1.489914   3.8511  2.2697 5 0.000000 |**|3.851131 2.269662 7.060762 1.489914   3.851131  2.269662 5  0.470646 
------------------------------------------------
4.341868 5.904111 4.566790 2.492447   4.3419  5.9041 7 0.000000 |**|4.341868 5.904111 4.566790 2.492447   4.341868  5.904111 7  0.288911 
------------------------------------------------
7.777032 1.618091 1.181677 5.412763   7.7770  1.6181 7 0.000000 |**|7.777032 1.618091 1.181677 5.412763   7.777032  1.618091 7  0.465764 
------------------------------------------------
4.771569 6.777246 7.405622 1.454817   4.7716  6.7772 8 0.000000 |**|4.771569 6.777246 7.405622 1.454817   4.771569  6.777246 8  0.441119 
------------------------------------------------
6.993927 7.760552 1.281777 3.852046   6.9939  7.7606 12 0.000000 |**|6.993927 7.760552 1.281777 3.852046   6.993927  7.760552 12  1757.347412 
------------------------------------------------
9.948118 2.905972 8.437147 2.986846   9.9481  2.9060 10 0.000000 |**|9.948118 2.905972 8.437147 2.986846   9.948118  2.905972 10  1552.201904 
------------------------------------------------
6.881618 1.145970 7.303384 5.592822   6.8816  1.1460 4 0.000000 |**|6.881618 1.145970 7.303384 5.592822   6.881618  1.145970 4  1645.252808 
------------------------------------------------
0.693381 9.570910 0.026246 5.516221   0.6934  9.5709 4 0.000000 |**|0.693381 9.570910 0.026246 5.516221   0.693381  9.570910 4  1645.252808 
------------------------------------------------
6.800745 0.256050 5.255898 9.931334   6.8007  0.2561 1 0.000000 |**|6.800745 0.256050 5.255898 9.931334   6.800745  0.256050 1  0.693527 
------------------------------------------------
0.231635 2.316355 7.788934 9.838252   0.2316  2.3164 1 0.000000 |**|0.231635 2.316355 7.788934 9.838252   0.231635  2.316355 1  1148.655640 
------------------------------------------------
3.919187 4.107181 5.648060 9.801630   3.9192  4.1072 6 0.000000 |**|3.919187 4.107181 5.648060 9.801630   3.919187  4.107181 6  0.512197 
------------------------------------------------
4.911649 0.698569 7.017731 2.811670   4.9116  0.6986 1 0.000000 |**|4.911649 0.698569 7.017731 2.811670   4.911649  0.698569 1  0.527649 
------------------------------------------------
9.848933 6.821497 4.205451 4.260384   9.8489  6.8215 13 0.000000 |**|9.848933 6.821497 4.205451 4.260384   9.848933  6.821497 13  0.766845 
------------------------------------------------
5.605640 2.042909 2.216254 3.293863   5.6056  2.0429 6 0.000000 |**|5.605640 2.042909 2.216254 3.293863   5.605640  2.042909 6  0.766867 
------------------------------------------------
3.809931 1.523789 9.157079 2.936491   3.8099  1.5238 4 0.000000 |**|3.809931 1.523789 9.157079 2.936491   3.809931  1.523789 4  0.653211 
------------------------------------------------
5.283364 5.719779 1.644032 1.917478   5.2834  5.7198 8 0.000000 |**|5.283364 5.719779 1.644032 1.917478   5.283364  5.719779 8  0.415866 
------------------------------------------------
3.238014 1.667531 0.771508 3.422346   3.2380  1.6675 3 0.000000 |**|3.238014 1.667531 0.771508 3.422346   3.238014  1.667531 3  0.479521 
------------------------------------------------
8.186285 1.379742 6.274301 3.481857   8.1863  1.3797 6 0.000000 |**|8.186285 1.379742 6.274301 3.481857   8.186285  1.379742 6  0.137202 
------------------------------------------------
5.002899 5.012970 8.012634 0.171209   5.0029  5.0130 7 0.000000 |**|5.002899 5.012970 8.012634 0.171209   5.002899  5.012970 7  0.641461 
------------------------------------------------
5.717643 2.799463 6.885281 9.188513   5.7176  2.7995 8 0.000000 |**|5.717643 2.799463 6.885281 9.188513   5.717643  2.799463 8  0.399768 
------------------------------------------------
5.229042 7.129734 5.025483 7.584460   5.2290  7.1297 9 0.000000 |**|5.229042 7.129734 5.025483 7.584460   5.229042  7.129734 9  0.702307 
------------------------------------------------
4.209723 0.747398 5.205237 2.381665   4.2097  0.7474 1 0.000000 |**|4.209723 0.747398 5.205237 2.381665   4.209723  0.747398 1  0.409746 
------------------------------------------------
0.383923 1.094089 8.531754 3.631092   0.3839  1.0941 1 0.000000 |**|0.383923 1.094089 8.531754 3.631092   0.383923  1.094089 1  0.896727 
------------------------------------------------
6.626484 4.478591 5.085604 2.824793   6.6265  4.4786 10 0.000000 |**|6.626484 4.478591 5.085604 2.824793   6.626484  4.478591 10  1.231075 
------------------------------------------------
5.608997 2.592853 7.566149 0.152593   5.6090  2.5929 7 0.000000 |**|5.608997 2.592853 7.566149 0.152593   5.608997  2.592853 7  0.622627 
------------------------------------------------
2.166814 1.051973 6.648763 8.041932   2.1668  1.0520 2 0.000000 |**|2.166814 1.051973 6.648763 8.041932   2.166814  1.051973 2  0.822850 
------------------------------------------------
8.476821 3.306070 7.278970 9.711295   8.4768  3.3061 10 0.000000 |**|8.476821 3.306070 7.278970 9.711295   8.476821  3.306070 10  0.420521 
------------------------------------------------
8.990448 2.401196 0.837123 1.735282   8.9904  2.4012 8 0.000000 |**|8.990448 2.401196 0.837123 1.735282   8.990448  2.401196 8  0.509404 
--------------------------------------------------

-------------------------------------------------------
Population at generation no. -->2


---------------------------------------------------
Generation No.     ->2
------------------------------------------------------
 variables (real 0 binary 4)  fitness (2)  rank cublen || variables  fitness rank cublen

------------------------------------------------
6.330760 2.241890 4.220099 7.213660   6.3308  2.2419 7 0.474108 |**|6.330760 2.241890 4.220099 7.213660   6.330760  2.241890 8  0.649580 
------------------------------------------------
4.779809 0.937223 8.411511 8.103274   4.7798  0.9372 2 0.813312 |**|4.779809 0.937223 8.411511 8.103274   4.779809  0.937223 2  0.813312 
------------------------------------------------
2.664876 7.513352 7.900327 2.799463   2.6649  7.5134 6 0.399305 |**|2.664876 7.513352 7.900327 2.799463   2.664876  7.513352 7  0.871659 
------------------------------------------------
7.472152 3.082370 9.924314 3.244423   7.4722  3.0824 9 1.046151 |**|7.472152 3.082370 9.924314 3.244423   7.472152  3.082370 11  0.788215 
------------------------------------------------
5.468917 1.409345 2.613605 0.610675   5.4689  1.4093 4 0.541220 |**|5.468917 1.409345 2.613605 0.610675   5.468917  1.409345 5  0.548901 
------------------------------------------------
1.855220 4.573504 6.128422 0.127567   1.8552  4.5735 4 0.325287 |**|1.855220 4.573504 6.128422 0.127567   1.855220  4.573504 4  0.325287 
------------------------------------------------
1.878109 7.911618 7.562181 0.558489   1.8781  7.9116 7 1645.771606 |**|1.878109 7.911618 7.562181 0.558489   1.878109  7.911618 7  1645.771606 
------------------------------------------------
2.043825 0.882290 8.725852 5.162206   2.0438  0.8823 1 0.595785 |**|2.043825 0.882290 8.725852 5.162206   2.043825  0.882290 1  0.595785 
------------------------------------------------
3.420209 4.634541 9.893796 6.546525   3.4202  4.6345 5 0.598318 |**|3.420209 4.634541 9.893796 6.546525   3.420209  4.634541 5  0.511921 
------------------------------------------------
3.343913 5.772881 4.031190 3.231605   3.3439  5.7729 6 0.324614 |**|3.343913 5.772881 4.031190 3.231605   3.343913  5.772881 6  0.533264 
------------------------------------------------
9.170201 0.249947 0.125736 6.783654   9.1702  0.2499 1 1148.655640 |**|9.170201 0.249947 0.125736 6.783654   9.170201  0.249947 1  1148.655640 
------------------------------------------------
6.793420 6.418348 1.701712 7.566454   6.7934  6.4183 11 0.875124 |**|3.917051 4.208807 6.473586 8.177435   3.917051  4.208807 7  0.708654 
------------------------------------------------
9.798883 3.099460 0.356151 2.857753   9.7989  3.0995 10 0.348404 |**|4.143498 1.549730 7.831965 4.992523   4.143498  1.549730 6  0.630587 
------------------------------------------------
3.917051 4.208807 6.473586 8.177435   3.9171  4.2088 6 0.284648 |**|0.754112 6.078066 0.614032 9.084445   0.754112  6.078066 3  0.468968 
------------------------------------------------
4.143498 1.549730 7.831965 4.992523   4.1435  1.5497 5 0.628216 |**|1.162145 1.608020 4.137700 0.830103   1.162145  1.608020 2  0.564283 
------------------------------------------------
0.754112 6.078066 0.614032 9.084445   0.7541  6.0781 3 0.468968 |**|3.065279 7.725150 4.915617 3.178808   3.065279  7.725150 8  0.876201 
------------------------------------------------
1.162145 1.608020 4.137700 0.830103   1.1621  1.6080 2 0.911080 |**|2.487869 5.576342 9.739983 5.039522   2.487869  5.576342 5  0.281604 
------------------------------------------------
9.271523 3.349101 2.087771 5.885190   9.2715  3.3491 11 1861.537598 |**|5.881832 5.057833 6.959746 4.815516   5.881832  5.057833 11  0.416083 
------------------------------------------------
3.065279 7.725150 4.915617 3.178808   3.0653  7.7252 7 0.441986 |**|1.629994 5.376446 0.705283 4.446852   1.629994  5.376446 4  0.780918 
------------------------------------------------
2.487869 5.576342 9.739983 5.039522   2.4879  5.5763 5 0.476290 |**|1.685537 9.681692 0.795007 5.568712   1.685537  9.681692 6  0.293231 
------------------------------------------------
5.881832 5.057833 6.959746 4.815516   5.8818  5.0578 9 0.708475 |**|1.827754 7.648243 5.951720 1.045259   1.827754  7.648243 6  0.422549 
------------------------------------------------
1.629994 5.376446 0.705283 4.446852   1.6300  5.3764 4 0.780918 |**|1.739250 1.847285 8.935820 2.960906   1.739250  1.847285 3  0.854059 
------------------------------------------------
7.777337 3.492233 7.424238 4.308908   7.7773  3.4922 10 0.907601 |**|0.760826 9.899899 2.991424 3.881039   0.760826  9.899899 5  1692.739746 
------------------------------------------------
1.685537 9.681692 0.795007 5.568712   1.6855  9.6817 6 1798.760986 |**|7.494431 1.515549 2.261727 4.005859   7.494431  1.515549 6  0.519135 
------------------------------------------------
1.827754 7.648243 5.951720 1.045259   1.8278  7.6482 6 0.405355 |**|1.771600 6.486099 1.267739 7.137669   1.771600  6.486099 5  0.249286 
------------------------------------------------
1.739250 1.847285 8.935820 2.960906   1.7392  1.8473 3 0.854059 |**|7.027497 1.215857 4.905850 4.383374   7.027497  1.215857 5  1692.739746 
------------------------------------------------
7.046724 6.519059 8.050173 8.912930   7.0467  6.5191 12 1.377388 |**|4.781945 8.104800 1.891842 5.084994   4.781945  8.104800 11  0.350092 
------------------------------------------------
0.760826 9.899899 2.991424 3.881039   0.7608  9.8999 5 1692.739746 |**|8.305918 1.258583 6.272774 0.948210   8.305918  1.258583 6  1818.720093 
------------------------------------------------
7.494431 1.515549 2.261727 4.005859   7.4944  1.5155 6 0.096729 |**|9.014557 1.419111 4.986114 2.548906   9.014557  1.419111 8  1798.760864 
------------------------------------------------
1.771600 6.486099 1.267739 7.137669   1.7716  6.4861 5 0.365178 |**|1.448714 4.410230 4.564043 7.368084   1.448714  4.410230 3  0.657069 
------------------------------------------------
7.027497 1.215857 4.905850 4.383374   7.0275  1.2159 5 1692.739746 |**|2.913297 4.383069 8.044984 9.228492   2.913297  4.383069 4  0.306322 
------------------------------------------------
9.870907 7.547227 7.046113 9.108249   9.8709  7.5472 14 1962.950562 |**|9.393292 1.535081 2.824793 3.545640   9.393292  1.535081 9  1933.469727 
------------------------------------------------
4.781945 8.104800 1.891842 5.084994   4.7819  8.1048 9 1749.809326 |**|5.610828 4.555803 3.744316 1.504562   5.610828  4.555803 9  0.380612 
------------------------------------------------
8.305918 1.258583 6.272774 0.948210   8.3059  1.2586 6 1798.760986 |**|3.193762 6.022828 6.352428 2.134770   3.193762  6.022828 6  0.277992 
------------------------------------------------
8.333079 5.440229 5.521409 4.575640   8.3331  5.4402 11 1.124876 |**|7.296670 1.944945 3.420515 2.294382   7.296670  1.944945 7  0.390567 
------------------------------------------------
9.014557 1.419111 4.986114 2.548906   9.0146  1.4191 8 1798.760864 |**|1.646779 7.582018 3.112278 8.344371   1.646779  7.582018 5  0.454665 
------------------------------------------------
1.448714 4.410230 4.564043 7.368084   1.4487  4.4102 3 0.657069 |**|3.271584 1.114231 5.965148 1.825617   3.271584  1.114231 3  0.488700 
------------------------------------------------
2.913297 4.383069 8.044984 9.228492   2.9133  4.3831 4 0.306322 |**|8.160954 0.477615 6.624043 4.076663   8.160954  0.477615 2  1059.541626 
------------------------------------------------
9.393292 1.535081 2.824793 3.545640   9.3933  1.5351 9 1749.809326 |**|1.134678 5.137791 4.246346 9.244057   1.134678  5.137791 3  0.425566 
------------------------------------------------
6.375927 9.343852 9.897458 0.467544   6.3759  9.3439 11 1861.537598 |**|6.632587 2.656026 6.379894 9.931639   6.632587  2.656026 9  0.552940 
------------------------------------------------
5.610828 4.555803 3.744316 1.504562   5.6108  4.5558 8 0.449615 |**|4.859157 1.011383 5.081027 0.612201   4.859157  1.011383 3  1228.522583 
------------------------------------------------
3.193762 6.022828 6.352428 2.134770   3.1938  6.0228 6 0.309198 |**|4.599444 8.302256 6.494949 9.880978   4.599444  8.302256 10  0.380950 
------------------------------------------------
7.296670 1.944945 3.420515 2.294382   7.2967  1.9449 6 0.347908 |**|1.597949 9.881283 8.526872 7.605823   1.597949  9.881283 6  1818.720093 
------------------------------------------------
8.570513 9.758598 6.433607 5.254372   8.5705  9.7586 14 1962.950562 |**|8.546098 1.368145 7.183447 8.753319   8.546098  1.368145 7  1645.771606 
------------------------------------------------
9.459212 6.393017 2.294992 7.975402   9.4592  6.3930 12 1.524756 |**|7.569811 1.477706 9.833674 4.341868   7.569811  1.477706 6  0.118889 
------------------------------------------------
5.995361 5.573901 4.112674 9.087497   5.9954  5.5739 10 1552.201904 |**|4.237800 7.335124 2.375866 9.762871   4.237800  7.335124 9  0.423367 
------------------------------------------------
1.646779 7.582018 3.112278 8.344371   1.6468  7.5820 5 0.418678 |**|4.263741 8.952299 5.478073 2.384411   4.263741  8.952299 10  0.370977 
------------------------------------------------
7.218543 9.628284 8.215888 9.766534   7.2185  9.6283 13 1.233155 |**|3.125401 3.722037 9.449751 4.749290   3.125401  3.722037 4  0.436709 
------------------------------------------------
9.868160 6.566362 0.808435 0.082705   9.8682  6.5664 13 1954.527466 |**|4.702902 5.901059 2.847072 1.403241   4.702902  5.901059 9  0.201232 
------------------------------------------------
3.271584 1.114231 5.965148 1.825617   3.2716  1.1142 3 0.488700 |**|7.405011 0.820643 3.500778 9.161046   7.405011  0.820643 2  0.683542 
------------------------------------------------
8.160954 0.477615 6.624043 4.076663   8.1610  0.4776 2 1059.541626 |**|0.625019 2.434462 4.170354 8.385265   0.625019  2.434462 2  1059.541626 
------------------------------------------------
1.134678 5.137791 4.246346 9.244057   1.1347  5.1378 3 0.425566 |**|6.380505 4.115726 9.212623 4.360790   6.380505  4.115726 11  0.553828 
------------------------------------------------
8.223823 7.145909 2.306589 4.177068   8.2238  7.1459 13 1.830957 |**|2.123478 8.973052 3.280740 8.581500   2.123478  8.973052 8  1798.760864 
------------------------------------------------
6.632587 2.656026 6.379894 9.931639   6.6326  2.6560 8 0.527657 |**|0.663778 7.426069 9.131138 1.131321   0.663778  7.426069 3  1228.522583 
------------------------------------------------
7.439802 6.300241 3.127232 9.183325   7.4398  6.3002 11 0.694887 |**|3.851131 2.269662 7.060762 1.489914   3.851131  2.269662 6  0.608971 
------------------------------------------------
4.859157 1.011383 5.081027 0.612201   4.8592  1.0114 3 1228.522583 |**|4.341868 5.904111 4.566790 2.492447   4.341868  5.904111 9  0.242440 
------------------------------------------------
4.599444 8.302256 6.494949 9.880978   4.5994  8.3023 8 0.361630 |**|7.777032 1.618091 1.181677 5.412763   7.777032  1.618091 7  0.275526 
------------------------------------------------
9.122593 3.278298 6.827906 4.714194   9.1226  3.2783 10 0.411908 |**|4.771569 6.777246 7.405622 1.454817   4.771569  6.777246 10  0.291341 
------------------------------------------------
1.597949 9.881283 8.526872 7.605823   1.5979  9.8813 5 0.408288 |**|9.948118 2.905972 8.437147 2.986846   9.948118  2.905972 11  1994.750732 
------------------------------------------------
8.546098 1.368145 7.183447 8.753319   8.5461  1.3681 7 1645.771606 |**|6.881618 1.145970 7.303384 5.592822   6.881618  1.145970 4  1645.252808 
------------------------------------------------
7.035737 9.677114 7.254860 6.177251   7.0357  9.6771 13 1954.527466 |**|0.693381 9.570910 0.026246 5.516221   0.693381  9.570910 4  1645.252808 
------------------------------------------------
7.569811 1.477706 9.833674 4.341868   7.5698  1.4777 6 0.120627 |**|6.800745 0.256050 5.255898 9.931334   6.800745  0.256050 1  0.693527 
------------------------------------------------
4.237800 7.335124 2.375866 9.762871   4.2378  7.3351 7 0.469749 |**|0.231635 2.316355 7.788934 9.838252   0.231635  2.316355 1  1148.655640 
------------------------------------------------
4.263741 8.952299 5.478073 2.384411   4.2637  8.9523 8 0.448101 |**|3.919187 4.107181 5.648060 9.801630   3.919187  4.107181 7  0.584240 
------------------------------------------------
3.125401 3.722037 9.449751 4.749290   3.1254  3.7220 4 0.484276 |**|4.911649 0.698569 7.017731 2.811670   4.911649  0.698569 1  0.527649 
------------------------------------------------
4.702902 5.901059 2.847072 1.403241   4.7029  5.9011 7 0.235323 |**|5.605640 2.042909 2.216254 3.293863   5.605640  2.042909 7  0.836964 
------------------------------------------------
7.405011 0.820643 3.500778 9.161046   7.4050  0.8206 2 0.683542 |**|3.809931 1.523789 9.157079 2.936491   3.809931  1.523789 5  0.698315 
------------------------------------------------
9.812922 5.041048 0.645772 8.079776   9.8129  5.0410 12 1757.347412 |**|5.283364 5.719779 1.644032 1.917478   5.283364  5.719779 11  0.405107 
------------------------------------------------
0.625019 2.434462 4.170354 8.385265   0.6250  2.4345 2 1059.541626 |**|3.238014 1.667531 0.771508 3.422346   3.238014  1.667531 3  0.479521 
------------------------------------------------
6.380505 4.115726 9.212623 4.360790   6.3805  4.1157 9 0.645563 |**|8.186285 1.379742 6.274301 3.481857   8.186285  1.379742 6  0.135149 
------------------------------------------------
2.123478 8.973052 3.280740 8.581500   2.1235  8.9731 8 1798.760864 |**|5.002899 5.012970 8.012634 0.171209   5.002899  5.012970 10  0.498057 
------------------------------------------------
0.663778 7.426069 9.131138 1.131321   0.6638  7.4261 3 1228.522583 |**|5.717643 2.799463 6.885281 9.188513   5.717643  2.799463 9  0.383829 
------------------------------------------------
3.851131 2.269662 7.060762 1.489914   3.8511  2.2697 5 0.470646 |**|5.229042 7.129734 5.025483 7.584460   5.229042  7.129734 11  0.273613 
------------------------------------------------
4.341868 5.904111 4.566790 2.492447   4.3419  5.9041 7 0.288911 |**|4.209723 0.747398 5.205237 2.381665   4.209723  0.747398 1  0.409746 
------------------------------------------------
7.777032 1.618091 1.181677 5.412763   7.7770  1.6181 7 0.465764 |**|0.383923 1.094089 8.531754 3.631092   0.383923  1.094089 1  0.896727 
------------------------------------------------
4.771569 6.777246 7.405622 1.454817   4.7716  6.7772 8 0.441119 |**|5.608997 2.592853 7.566149 0.152593   5.608997  2.592853 8  0.443400 
------------------------------------------------
6.993927 7.760552 1.281777 3.852046   6.9939  7.7606 12 1757.347412 |**|2.166814 1.051973 6.648763 8.041932   2.166814  1.051973 2  0.822850 
------------------------------------------------
9.948118 2.905972 8.437147 2.986846   9.9481  2.9060 10 1552.201904 |**|8.990448 2.401196 0.837123 1.735282   8.990448  2.401196 9  0.559802 
------------------------------------------------
6.881618 1.145970 7.303384 5.592822   6.8816  1.1460 4 1645.252808 |**|2.138432 6.098514 9.686880 5.897091   2.138432  6.098514 5  0.219060 
------------------------------------------------
0.693381 9.570910 0.026246 5.516221   0.6934  9.5709 4 1645.252808 |**|9.329204 2.439955 5.624866 9.983825   9.329204  2.439955 10  1927.060791 
------------------------------------------------
6.800745 0.256050 5.255898 9.931334   6.8007  0.2561 1 0.693527 |**|4.172185 9.999390 4.984588 9.985352   4.172185  9.999390 11  1994.750732 
------------------------------------------------
0.231635 2.316355 7.788934 9.838252   0.2316  2.3164 1 1148.655640 |**|7.116611 2.714316 2.262948 9.584338   7.116611  2.714316 10  0.839625 
------------------------------------------------
3.919187 4.107181 5.648060 9.801630   3.9192  4.1072 6 0.512197 |**|4.277169 9.891965 9.997253 9.185766   4.277169  9.891965 11  0.171998 
------------------------------------------------
4.911649 0.698569 7.017731 2.811670   4.9116  0.6986 1 0.527649 |**|4.140446 4.565264 9.523911 9.685659   4.140446  4.565264 8  0.731772 
------------------------------------------------
9.848933 6.821497 4.205451 4.260384   9.8489  6.8215 13 0.766845 |**|4.994965 4.127018 9.266335 3.749809   4.994965  4.127018 8  0.316779 
------------------------------------------------
5.605640 2.042909 2.216254 3.293863   5.6056  2.0429 6 0.766867 |**|4.977874 4.293954 2.730186 6.705832   4.977874  4.293954 8  0.182019 
------------------------------------------------
3.809931 1.523789 9.157079 2.936491   3.8099  1.5238 4 0.653211 |**|2.328867 6.865139 8.320261 9.609363   2.328867  6.865139 6  0.392144 
------------------------------------------------
5.283364 5.719779 1.644032 1.917478   5.2834  5.7198 8 0.415866 |**|3.749504 1.236000 8.413037 7.496567   3.749504  1.236000 4  0.588788 
------------------------------------------------
3.238014 1.667531 0.771508 3.422346   3.2380  1.6675 3 0.479521 |**|4.947966 4.999542 9.667958 6.874905   4.947966  4.999542 9  0.300280 
------------------------------------------------
8.186285 1.379742 6.274301 3.481857   8.1863  1.3797 6 0.137202 |**|4.959563 6.600848 4.678792 9.208961   4.959563  6.600848 10  0.276644 
------------------------------------------------
5.002899 5.012970 8.012634 0.171209   5.0029  5.0130 7 0.641461 |**|3.083895 4.963225 4.291818 9.970092   3.083895  4.963225 5  0.257230 
------------------------------------------------
5.717643 2.799463 6.885281 9.188513   5.7176  2.7995 8 0.399768 |**|3.671682 8.592792 9.804682 4.561602   3.671682  8.592792 9  0.513649 
------------------------------------------------
5.229042 7.129734 5.025483 7.584460   5.2290  7.1297 9 0.702307 |**|3.748589 9.941404 9.921567 9.348735   3.748589  9.941404 10  1927.060791 
------------------------------------------------
4.209723 0.747398 5.205237 2.381665   4.2097  0.7474 1 0.409746 |**|3.703421 1.779534 8.415479 8.395642   3.703421  1.779534 4  0.395934 
------------------------------------------------
0.383923 1.094089 8.531754 3.631092   0.3839  1.0941 1 0.896727 |**|4.764550 9.506821 9.374981 9.678335   4.764550  9.506821 11  0.339340 
------------------------------------------------
6.626484 4.478591 5.085604 2.824793   6.6265  4.4786 10 1.231075 |**|5.846431 4.056826 8.578753 4.570147   5.846431  4.056826 10  0.685188 
------------------------------------------------
5.608997 2.592853 7.566149 0.152593   5.6090  2.5929 7 0.622627 |**|1.246681 9.707023 7.400434 9.158910   1.246681  9.707023 5  0.408288 
------------------------------------------------
2.166814 1.051973 6.648763 8.041932   2.1668  1.0520 2 0.822850 |**|1.064180 1.869869 9.980468 9.296853   1.064180  1.869869 2  0.493608 
------------------------------------------------
8.476821 3.306070 7.278970 9.711295   8.4768  3.3061 10 0.420521 |**|2.919706 9.941404 9.914548 6.248970   2.919706  9.941404 9  1933.469727 
------------------------------------------------
8.990448 2.401196 0.837123 1.735282   8.9904  2.4012 8 0.509404 |**|4.981536 7.289957 9.774774 9.525743   4.981536  7.289957 11  0.214867 
--------------------------------------------------

-------------------------------------------------------
Population at generation no. -->3


---------------------------------------------------
Generation No.     ->3
------------------------------------------------------
 variables (real 0 binary 4)  fitness (2)  rank cublen || variables  fitness rank cublen

------------------------------------------------
6.330760 2.241890 4.220099 7.213660   6.3308  2.2419 8 0.649580 |**|2.043825 0.882290 8.725852 5.162206   2.043825  0.882290 2  1.020777 
------------------------------------------------
4.779809 0.937223 8.411511 8.103274   4.7798  0.9372 2 0.813312 |**|9.170201 0.249947 0.125736 6.783654   9.170201  0.249947 1  1148.655640 
------------------------------------------------
2.664876 7.513352 7.900327 2.799463   2.6649  7.5134 7 0.871659 |**|1.162145 1.608020 4.137700 0.830103   1.162145  1.608020 2  0.672019 
------------------------------------------------
7.472152 3.082370 9.924314 3.244423   7.4722  3.0824 11 0.788215 |**|0.625019 2.434462 4.170354 8.385265   0.625019  2.434462 2  810.113892 
------------------------------------------------
5.468917 1.409345 2.613605 0.610675   5.4689  1.4093 5 0.548901 |**|6.800745 0.256050 5.255898 9.931334   6.800745  0.256050 1  1.008059 
------------------------------------------------
1.855220 4.573504 6.128422 0.127567   1.8552  4.5735 4 0.325287 |**|0.231635 2.316355 7.788934 9.838252   0.231635  2.316355 1  1148.655640 
------------------------------------------------
1.878109 7.911618 7.562181 0.558489   1.8781  7.9116 7 1645.771606 |**|4.911649 0.698569 7.017731 2.811670   4.911649  0.698569 2  0.472922 
------------------------------------------------
2.043825 0.882290 8.725852 5.162206   2.0438  0.8823 1 0.595785 |**|4.209723 0.747398 5.205237 2.381665   4.209723  0.747398 2  0.657695 
------------------------------------------------
3.420209 4.634541 9.893796 6.546525   3.4202  4.6345 5 0.511921 |**|0.383923 1.094089 8.531754 3.631092   0.383923  1.094089 1  0.991941 
------------------------------------------------
3.343913 5.772881 4.031190 3.231605   3.3439  5.7729 6 0.533264 |**|1.064180 1.869869 9.980468 9.296853   1.064180  1.869869 2  0.506301 
------------------------------------------------
9.170201 0.249947 0.125736 6.783654   9.1702  0.2499 1 1148.655640 |**|5.666677 0.367138 0.005493 0.007630   5.666677  0.367138 2  243.595932 
------------------------------------------------
3.917051 4.208807 6.473586 8.177435   3.9171  4.2088 7 0.708654 |**|5.666677 0.367138 0.005493 0.007630   5.666677  0.367138 2  0.000000 
------------------------------------------------
4.143498 1.549730 7.831965 4.992523   4.1435  1.5497 6 0.630587 |**|5.666677 0.367138 0.005493 0.007630   5.666677  0.367138 2  0.000000 
------------------------------------------------
0.754112 6.078066 0.614032 9.084445   0.7541  6.0781 3 0.468968 |**|5.666677 0.367138 0.005493 0.007630   5.666677  0.367138 2  0.000000 
------------------------------------------------
1.162145 1.608020 4.137700 0.830103   1.1621  1.6080 2 0.564283 |**|5.666677 0.367138 0.005493 0.007630   5.666677  0.367138 2  0.000000 
------------------------------------------------
3.065279 7.725150 4.915617 3.178808   3.0653  7.7252 8 0.876201 |**|5.666677 0.367138 0.005493 0.007630   5.666677  0.367138 2  0.000000 
------------------------------------------------
2.487869 5.576342 9.739983 5.039522   2.4879  5.5763 5 0.281604 |**|5.666677 0.367138 0.005493 0.007630   5.666677  0.367138 2  0.000000 
------------------------------------------------
5.881832 5.057833 6.959746 4.815516   5.8818  5.0578 11 0.416083 |**|5.666677 0.367138 0.005493 0.007630   5.666677  0.367138 2  0.000000 
------------------------------------------------
1.629994 5.376446 0.705283 4.446852   1.6300  5.3764 4 0.780918 |**|0.666524 0.367138 0.005493 0.007630   0.666524  0.367138 1  0.085375 
------------------------------------------------
1.685537 9.681692 0.795007 5.568712   1.6855  9.6817 6 0.293231 |**|5.666677 0.367138 0.005493 0.007630   5.666677  0.367138 2  0.000000 
------------------------------------------------
1.827754 7.648243 5.951720 1.045259   1.8278  7.6482 6 0.422549 |**|5.666677 0.367138 0.005493 0.007630   5.666677  0.367138 2  0.000000 
------------------------------------------------
1.739250 1.847285 8.935820 2.960906   1.7392  1.8473 3 0.854059 |**|0.666524 0.367138 0.005493 0.007630   0.666524  0.367138 1  0.000000 
------------------------------------------------
0.760826 9.899899 2.991424 3.881039   0.7608  9.8999 5 1692.739746 |**|5.666677 0.367138 0.005493 0.007630   5.666677  0.367138 2  0.000000 
------------------------------------------------
7.494431 1.515549 2.261727 4.005859   7.4944  1.5155 6 0.519135 |**|5.666677 0.367138 0.005493 0.007630   5.666677  0.367138 2  0.000000 
------------------------------------------------
1.771600 6.486099 1.267739 7.137669   1.7716  6.4861 5 0.249286 |**|5.666677 0.367138 0.005493 0.007630   5.666677  0.367138 2  0.000000 
------------------------------------------------
7.027497 1.215857 4.905850 4.383374   7.0275  1.2159 5 1692.739746 |**|5.666677 0.367138 0.005493 0.007630   5.666677  0.367138 2  0.000000 
------------------------------------------------
4.781945 8.104800 1.891842 5.084994   4.7819  8.1048 11 0.350092 |**|5.666677 0.367138 0.005493 0.007630   5.666677  0.367138 2  0.000000 
------------------------------------------------
8.305918 1.258583 6.272774 0.948210   8.3059  1.2586 6 1818.720093 |**|5.666677 0.367138 0.005493 0.007630   5.666677  0.367138 2  0.000000 
------------------------------------------------
9.014557 1.419111 4.986114 2.548906   9.0146  1.4191 8 1798.760864 |**|5.666677 0.367138 0.005493 0.007630   5.666677  0.367138 2  0.000000 
------------------------------------------------
1.448714 4.410230 4.564043 7.368084   1.4487  4.4102 3 0.657069 |**|5.666677 0.367138 0.005493 0.007630   5.666677  0.367138 2  0.000000 
------------------------------------------------
2.913297 4.383069 8.044984 9.228492   2.9133  4.3831 4 0.306322 |**|0.666524 0.367138 0.005493 0.007630   0.666524  0.367138 1  0.000000 
------------------------------------------------
9.393292 1.535081 2.824793 3.545640   9.3933  1.5351 9 1933.469727 |**|5.666677 0.367138 0.005493 0.007630   5.666677  0.367138 2  0.000000 
------------------------------------------------
5.610828 4.555803 3.744316 1.504562   5.6108  4.5558 9 0.380612 |**|5.666677 0.367138 0.005493 0.007630   5.666677  0.367138 2  0.000000 
------------------------------------------------
3.193762 6.022828 6.352428 2.134770   3.1938  6.0228 6 0.277992 |**|0.666524 0.367138 0.005493 0.007630   0.666524  0.367138 1  0.000000 
------------------------------------------------
7.296670 1.944945 3.420515 2.294382   7.2967  1.9449 7 0.390567 |**|0.666524 0.367138 0.005493 0.007630   0.666524  0.367138 1  0.000000 
------------------------------------------------
1.646779 7.582018 3.112278 8.344371   1.6468  7.5820 5 0.454665 |**|5.666677 0.367138 0.005493 0.007630   5.666677  0.367138 2  0.000000 
------------------------------------------------
3.271584 1.114231 5.965148 1.825617   3.2716  1.1142 3 0.488700 |**|5.666677 0.367138 0.005493 0.007630   5.666677  0.367138 2  0.000000 
------------------------------------------------
8.160954 0.477615 6.624043 4.076663   8.1610  0.4776 2 1059.541626 |**|5.666677 0.367138 0.005493 0.007630   5.666677  0.367138 2  0.000000 
------------------------------------------------
1.134678 5.137791 4.246346 9.244057   1.1347  5.1378 3 0.425566 |**|5.666677 0.367138 0.005493 0.007630   5.666677  0.367138 2  0.000000 
------------------------------------------------
6.632587 2.656026 6.379894 9.931639   6.6326  2.6560 9 0.552940 |**|5.666677 0.367138 0.005493 0.007630   5.666677  0.367138 2  0.000000 
------------------------------------------------
4.859157 1.011383 5.081027 0.612201   4.8592  1.0114 3 1228.522583 |**|0.666524 0.367138 0.005493 0.007630   0.666524  0.367138 1  0.000000 
------------------------------------------------
4.599444 8.302256 6.494949 9.880978   4.5994  8.3023 10 0.380950 |**|5.666677 0.367138 0.005493 0.007630   5.666677  0.367138 2  0.000000 
------------------------------------------------
1.597949 9.881283 8.526872 7.605823   1.5979  9.8813 6 1818.720093 |**|5.666677 0.367138 0.005493 0.007630   5.666677  0.367138 2  0.000000 
------------------------------------------------
8.546098 1.368145 7.183447 8.753319   8.5461  1.3681 7 1645.771606 |**|5.666677 0.367138 0.005493 0.007630   5.666677  0.367138 2  0.000000 
------------------------------------------------
7.569811 1.477706 9.833674 4.341868   7.5698  1.4777 6 0.118889 |**|5.666677 0.367138 0.005493 0.007630   5.666677  0.367138 2  0.000000 
------------------------------------------------
4.237800 7.335124 2.375866 9.762871   4.2378  7.3351 9 0.423367 |**|0.666524 0.367138 0.005493 0.007630   0.666524  0.367138 1  0.000000 
------------------------------------------------
4.263741 8.952299 5.478073 2.384411   4.2637  8.9523 10 0.370977 |**|5.666677 0.367138 0.005493 0.007630   5.666677  0.367138 2  0.000000 
------------------------------------------------
3.125401 3.722037 9.449751 4.749290   3.1254  3.7220 4 0.436709 |**|5.666677 0.367138 0.005493 0.007630   5.666677  0.367138 2  0.000000 
------------------------------------------------
4.702902 5.901059 2.847072 1.403241   4.7029  5.9011 9 0.201232 |**|5.666677 0.367138 0.005493 0.007630   5.666677  0.367138 2  0.000000 
------------------------------------------------
7.405011 0.820643 3.500778 9.161046   7.4050  0.8206 2 0.683542 |**|5.666677 0.367138 0.005493 0.007630   5.666677  0.367138 2  0.000000 
------------------------------------------------
0.625019 2.434462 4.170354 8.385265   0.6250  2.4345 2 1059.541626 |**|5.666677 0.367138 0.005493 0.007630   5.666677  0.367138 2  0.000000 
------------------------------------------------
6.380505 4.115726 9.212623 4.360790   6.3805  4.1157 11 0.553828 |**|5.666677 0.367138 0.005493 0.007630   5.666677  0.367138 2  0.000000 
------------------------------------------------
2.123478 8.973052 3.280740 8.581500   2.1235  8.9731 8 1798.760864 |**|5.666677 0.367138 0.005493 0.007630   5.666677  0.367138 2  0.000000 
------------------------------------------------
0.663778 7.426069 9.131138 1.131321   0.6638  7.4261 3 1228.522583 |**|5.666677 0.367138 0.005493 0.007630   5.666677  0.367138 2  0.000000 
------------------------------------------------
3.851131 2.269662 7.060762 1.489914   3.8511  2.2697 6 0.608971 |**|5.666677 0.367138 0.005493 0.007630   5.666677  0.367138 2  0.000000 
------------------------------------------------
4.341868 5.904111 4.566790 2.492447   4.3419  5.9041 9 0.242440 |**|0.666524 0.367138 0.005493 0.007630   0.666524  0.367138 1  0.000000 
------------------------------------------------
7.777032 1.618091 1.181677 5.412763   7.7770  1.6181 7 0.275526 |**|5.666677 0.367138 0.005493 0.007630   5.666677  0.367138 2  0.000000 
------------------------------------------------
4.771569 6.777246 7.405622 1.454817   4.7716  6.7772 10 0.291341 |**|0.666524 0.367138 0.005493 0.007630   0.666524  0.367138 1  0.000000 
------------------------------------------------
9.948118 2.905972 8.437147 2.986846   9.9481  2.9060 11 1994.750732 |**|0.666524 0.367138 0.005493 0.007630   0.666524  0.367138 1  0.000000 
------------------------------------------------
6.881618 1.145970 7.303384 5.592822   6.8816  1.1460 4 1645.252808 |**|5.666677 0.367138 0.005493 0.007630   5.666677  0.367138 2  0.000000 
------------------------------------------------
0.693381 9.570910 0.026246 5.516221   0.6934  9.5709 4 1645.252808 |**|5.666677 0.367138 0.005493 0.007630   5.666677  0.367138 2  0.000000 
------------------------------------------------
6.800745 0.256050 5.255898 9.931334   6.8007  0.2561 1 0.693527 |**|5.666677 0.367138 0.005493 0.007630   5.666677  0.367138 2  0.000000 
------------------------------------------------
0.231635 2.316355 7.788934 9.838252   0.2316  2.3164 1 1148.655640 |**|5.666677 0.367138 0.005493 0.007630   5.666677  0.367138 2  0.000000 
------------------------------------------------
3.919187 4.107181 5.648060 9.801630   3.9192  4.1072 7 0.584240 |**|5.666677 0.367138 0.005493 0.007630   5.666677  0.367138 2  0.000000 
------------------------------------------------
4.911649 0.698569 7.017731 2.811670   4.9116  0.6986 1 0.527649 |**|5.666677 0.367138 0.005493 0.007630   5.666677  0.367138 2  0.000000 
------------------------------------------------
5.605640 2.042909 2.216254 3.293863   5.6056  2.0429 7 0.836964 |**|0.666524 0.367138 0.005493 0.007630   0.666524  0.367138 1  0.000000 
------------------------------------------------
3.809931 1.523789 9.157079 2.936491   3.8099  1.5238 5 0.698315 |**|5.666677 0.367138 0.005493 0.007630   5.666677  0.367138 2  0.000000 
------------------------------------------------
5.283364 5.719779 1.644032 1.917478   5.2834  5.7198 11 0.405107 |**|5.666677 0.367138 0.005493 0.007630   5.666677  0.367138 2  0.000000 
------------------------------------------------
3.238014 1.667531 0.771508 3.422346   3.2380  1.6675 3 0.479521 |**|0.666524 0.367138 0.005493 0.007630   0.666524  0.367138 1  0.000000 
------------------------------------------------
8.186285 1.379742 6.274301 3.481857   8.1863  1.3797 6 0.135149 |**|0.666524 0.367138 0.005493 0.007630   0.666524  0.367138 1  0.000000 
------------------------------------------------
5.002899 5.012970 8.012634 0.171209   5.0029  5.0130 10 0.498057 |**|0.666524 0.367138 0.005493 0.007630   0.666524  0.367138 1  0.000000 
------------------------------------------------
5.717643 2.799463 6.885281 9.188513   5.7176  2.7995 9 0.383829 |**|5.666677 0.367138 0.005493 0.007630   5.666677  0.367138 2  0.000000 
------------------------------------------------
5.229042 7.129734 5.025483 7.584460   5.2290  7.1297 11 0.273613 |**|5.666677 0.367138 0.005493 0.007630   5.666677  0.367138 2  0.000000 
------------------------------------------------
4.209723 0.747398 5.205237 2.381665   4.2097  0.7474 1 0.409746 |**|5.666677 0.367138 0.005493 0.007630   5.666677  0.367138 2  0.000000 
------------------------------------------------
0.383923 1.094089 8.531754 3.631092   0.3839  1.0941 1 0.896727 |**|5.666677 0.367138 0.005493 0.007630   5.666677  0.367138 2  0.000000 
------------------------------------------------
5.608997 2.592853 7.566149 0.152593   5.6090  2.5929 8 0.443400 |**|5.666677 0.367138 0.005493 0.007630   5.666677  0.367138 2  0.000000 
------------------------------------------------
2.166814 1.051973 6.648763 8.041932   2.1668  1.0520 2 0.822850 |**|0.666524 0.367138 0.005493 0.007630   0.666524  0.367138 1  0.000000 
------------------------------------------------
8.990448 2.401196 0.837123 1.735282   8.9904  2.4012 9 0.559802 |**|5.666677 0.367138 0.005493 0.007630   5.666677  0.367138 2  0.000000 
------------------------------------------------
2.138432 6.098514 9.686880 5.897091   2.1384  6.0985 5 0.219060 |**|5.666677 0.367138 0.005493 0.007630   5.666677  0.367138 2  0.000000 
------------------------------------------------
9.329204 2.439955 5.624866 9.983825   9.3292  2.4400 10 1927.060791 |**|0.666524 0.367138 0.005493 0.007630   0.666524  0.367138 1  0.000000 
------------------------------------------------
4.172185 9.999390 4.984588 9.985352   4.1722  9.9994 11 1994.750732 |**|5.666677 0.367138 0.005493 0.007630   5.666677  0.367138 2  0.000000 
------------------------------------------------
7.116611 2.714316 2.262948 9.584338   7.1166  2.7143 10 0.839625 |**|5.666677 0.367138 0.005493 0.007630   5.666677  0.367138 2  0.000000 
------------------------------------------------
4.277169 9.891965 9.997253 9.185766   4.2772  9.8920 11 0.171998 |**|5.666677 0.367138 0.005493 0.007630   5.666677  0.367138 2  0.000000 
------------------------------------------------
4.140446 4.565264 9.523911 9.685659   4.1404  4.5653 8 0.731772 |**|5.666677 0.367138 0.005493 0.007630   5.666677  0.367138 2  0.000000 
------------------------------------------------
4.994965 4.127018 9.266335 3.749809   4.9950  4.1270 8 0.316779 |**|0.666524 0.367138 0.005493 0.007630   0.666524  0.367138 1  0.000000 
------------------------------------------------
4.977874 4.293954 2.730186 6.705832   4.9779  4.2940 8 0.182019 |**|5.666677 0.367138 0.005493 0.007630   5.666677  0.367138 2  0.000000 
------------------------------------------------
2.328867 6.865139 8.320261 9.609363   2.3289  6.8651 6 0.392144 |**|5.666677 0.367138 0.005493 0.007630   5.666677  0.367138 2  0.000000 
------------------------------------------------
3.749504 1.236000 8.413037 7.496567   3.7495  1.2360 4 0.588788 |**|5.666677 0.367138 0.005493 0.007630   5.666677  0.367138 2  0.000000 
------------------------------------------------
4.947966 4.999542 9.667958 6.874905   4.9480  4.9995 9 0.300280 |**|5.666677 0.367138 0.005493 0.007630   5.666677  0.367138 2  0.000000 
------------------------------------------------
4.959563 6.600848 4.678792 9.208961   4.9596  6.6008 10 0.276644 |**|5.666677 0.367138 0.005493 0.007630   5.666677  0.367138 2  0.000000 
------------------------------------------------
3.083895 4.963225 4.291818 9.970092   3.0839  4.9632 5 0.257230 |**|5.666677 0.367138 0.005493 0.007630   5.666677  0.367138 2  0.000000 
------------------------------------------------
3.671682 8.592792 9.804682 4.561602   3.6717  8.5928 9 0.513649 |**|5.666677 0.367138 0.005493 0.007630   5.666677  0.367138 2  0.000000 
------------------------------------------------
3.748589 9.941404 9.921567 9.348735   3.7486  9.9414 10 1927.060791 |**|5.666677 0.367138 0.005493 0.007630   5.666677  0.367138 2  0.000000 
------------------------------------------------
3.703421 1.779534 8.415479 8.395642   3.7034  1.7795 4 0.395934 |**|5.666677 0.367138 0.005493 0.007630   5.666677  0.367138 2  0.000000 
------------------------------------------------
4.764550 9.506821 9.374981 9.678335   4.7645  9.5068 11 0.339340 |**|0.666524 0.367138 0.005493 0.007630   0.666524  0.367138 1  0.000000 
------------------------------------------------
5.846431 4.056826 8.578753 4.570147   5.8464  4.0568 10 0.685188 |**|5.666677 0.367138 0.005493 0.007630   5.666677  0.367138 2  566.828064 
------------------------------------------------
1.246681 9.707023 7.400434 9.158910   1.2467  9.7070 5 0.408288 |**|0.666524 0.367138 0.005493 0.007630   0.666524  0.367138 1  0.000000 
------------------------------------------------
1.064180 1.869869 9.980468 9.296853   1.0642  1.8699 2 0.493608 |**|0.666524 0.367138 0.005493 0.007630   0.666524  0.367138 1  0.000000 
------------------------------------------------
2.919706 9.941404 9.914548 6.248970   2.9197  9.9414 9 1933.469727 |**|0.666524 0.367138 0.005493 0.007630   0.666524  0.367138 1  0.000000 
------------------------------------------------
4.981536 7.289957 9.774774 9.525743   4.9815  7.2900 11 0.214867 |**|0.666524 0.367138 0.005493 0.007630   0.666524  0.367138 1  1.038059 
--------------------------------------------------

-------------------------------------------------------
Population at generation no. -->4


---------------------------------------------------
Generation No.     ->4
------------------------------------------------------
 variables (real 0 binary 4)  fitness (2)  rank cublen || variables  fitness rank cublen

------------------------------------------------
2.043825 0.882290 8.725852 5.162206   2.0438  0.8823 2 1.020777 |**|2.043825 0.882290 8.725852 5.162206   2.043825  0.882290 2  0.349872 
------------------------------------------------
9.170201 0.249947 0.125736 6.783654   9.1702  0.2499 1 1148.655640 |**|0.625019 2.434462 4.170354 8.385265   0.625019  2.434462 2  0.978026 
------------------------------------------------
1.162145 1.608020 4.137700 0.830103   1.1621  1.6080 2 0.672019 |**|0.231635 2.316355 7.788934 9.838252   0.231635  2.316355 1  0.783750 
------------------------------------------------
0.625019 2.434462 4.170354 8.385265   0.6250  2.4345 2 810.113892 |**|4.911649 0.698569 7.017731 2.811670   4.911649  0.698569 3  0.252476 
------------------------------------------------
6.800745 0.256050 5.255898 9.931334   6.8007  0.2561 1 1.008059 |**|4.209723 0.747398 5.205237 2.381665   4.209723  0.747398 3  1.287944 
------------------------------------------------
0.231635 2.316355 7.788934 9.838252   0.2316  2.3164 1 1148.655640 |**|0.383923 1.094089 8.531754 3.631092   0.383923  1.094089 1  0.397980 
------------------------------------------------
4.911649 0.698569 7.017731 2.811670   4.9116  0.6986 2 0.472922 |**|5.666677 0.367138 0.005493 0.007630   5.666677  0.367138 3  0.058569 
------------------------------------------------
4.209723 0.747398 5.205237 2.381665   4.2097  0.7474 2 0.657695 |**|5.666677 0.367138 0.005493 0.007630   5.666677  0.367138 3  0.300709 
------------------------------------------------
0.383923 1.094089 8.531754 3.631092   0.3839  1.0941 1 0.991941 |**|5.666677 0.367138 0.005493 0.007630   5.666677  0.367138 3  0.052773 
------------------------------------------------
1.064180 1.869869 9.980468 9.296853   1.0642  1.8699 2 0.506301 |**|0.666524 0.367138 0.005493 0.007630   0.666524  0.367138 1  0.203455 
------------------------------------------------
5.666677 0.367138 0.005493 0.007630   5.6667  0.3671 2 243.595932 |**|5.666677 0.367138 0.005493 0.007630   5.666677  0.367138 3  0.000000 
------------------------------------------------
5.666677 0.367138 0.005493 0.007630   5.6667  0.3671 2 0.000000 |**|5.666677 0.367138 0.005493 0.007630   5.666677  0.367138 3  0.000000 
------------------------------------------------
5.666677 0.367138 0.005493 0.007630   5.6667  0.3671 2 0.000000 |**|0.666524 0.367138 0.005493 0.007630   0.666524  0.367138 1  0.956232 
------------------------------------------------
5.666677 0.367138 0.005493 0.007630   5.6667  0.3671 2 0.000000 |**|5.666677 0.367138 0.005493 0.007630   5.666677  0.367138 3  0.000000 
------------------------------------------------
5.666677 0.367138 0.005493 0.007630   5.6667  0.3671 2 0.000000 |**|5.666677 0.367138 0.005493 0.007630   5.666677  0.367138 3  0.000000 
------------------------------------------------
5.666677 0.367138 0.005493 0.007630   5.6667  0.3671 2 0.000000 |**|5.666677 0.367138 0.005493 0.007630   5.666677  0.367138 3  0.000000 
------------------------------------------------
5.666677 0.367138 0.005493 0.007630   5.6667  0.3671 2 0.000000 |**|5.666677 0.367138 0.005493 0.007630   5.666677  0.367138 3  0.000000 
------------------------------------------------
5.666677 0.367138 0.005493 0.007630   5.6667  0.3671 2 0.000000 |**|5.666677 0.367138 0.005493 0.007630   5.666677  0.367138 3  0.000000 
------------------------------------------------
0.666524 0.367138 0.005493 0.007630   0.6665  0.3671 1 0.085375 |**|5.666677 0.367138 0.005493 0.007630   5.666677  0.367138 3  0.000000 
------------------------------------------------
5.666677 0.367138 0.005493 0.007630   5.6667  0.3671 2 0.000000 |**|5.666677 0.367138 0.005493 0.007630   5.666677  0.367138 3  0.000000 
------------------------------------------------
5.666677 0.367138 0.005493 0.007630   5.6667  0.3671 2 0.000000 |**|5.666677 0.367138 0.005493 0.007630   5.666677  0.367138 3  0.000000 
------------------------------------------------
0.666524 0.367138 0.005493 0.007630   0.6665  0.3671 1 0.000000 |**|0.666524 0.367138 0.005493 0.007630   0.666524  0.367138 1  0.031436 
------------------------------------------------
5.666677 0.367138 0.005493 0.007630   5.6667  0.3671 2 0.000000 |**|5.666677 0.367138 0.005493 0.007630   5.666677  0.367138 3  0.000000 
------------------------------------------------
5.666677 0.367138 0.005493 0.007630   5.6667  0.3671 2 0.000000 |**|5.666677 0.367138 0.005493 0.007630   5.666677  0.367138 3  0.000000 
------------------------------------------------
5.666677 0.367138 0.005493 0.007630   5.6667  0.3671 2 0.000000 |**|0.666524 0.367138 0.005493 0.007630   0.666524  0.367138 1  0.000000 
------------------------------------------------
5.666677 0.367138 0.005493 0.007630   5.6667  0.3671 2 0.000000 |**|0.666524 0.367138 0.005493 0.007630   0.666524  0.367138 1  0.000000 
------------------------------------------------
5.666677 0.367138 0.005493 0.007630   5.6667  0.3671 2 0.000000 |**|5.666677 0.367138 0.005493 0.007630   5.666677  0.367138 3  0.000000 
------------------------------------------------
5.666677 0.367138 0.005493 0.007630   5.6667  0.3671 2 0.000000 |**|5.666677 0.367138 0.005493 0.007630   5.666677  0.367138 3  0.000000 
------------------------------------------------
5.666677 0.367138 0.005493 0.007630   5.6667  0.3671 2 0.000000 |**|5.666677 0.367138 0.005493 0.007630   5.666677  0.367138 3  0.000000 
------------------------------------------------
5.666677 0.367138 0.005493 0.007630   5.6667  0.3671 2 0.000000 |**|5.666677 0.367138 0.005493 0.007630   5.666677  0.367138 3  0.000000 
------------------------------------------------
0.666524 0.367138 0.005493 0.007630   0.6665  0.3671 1 0.000000 |**|5.666677 0.367138 0.005493 0.007630   5.666677  0.367138 3  0.000000 
------------------------------------------------
5.666677 0.367138 0.005493 0.007630   5.6667  0.3671 2 0.000000 |**|0.666524 0.367138 0.005493 0.007630   0.666524  0.367138 1  0.000000 
------------------------------------------------
5.666677 0.367138 0.005493 0.007630   5.6667  0.3671 2 0.000000 |**|5.666677 0.367138 0.005493 0.007630   5.666677  0.367138 3  0.000000 
------------------------------------------------
0.666524 0.367138 0.005493 0.007630   0.6665  0.3671 1 0.000000 |**|5.666677 0.367138 0.005493 0.007630   5.666677  0.367138 3  0.000000 
------------------------------------------------
0.666524 0.367138 0.005493 0.007630   0.6665  0.3671 1 0.000000 |**|5.666677 0.367138 0.005493 0.007630   5.666677  0.367138 3  0.000000 
------------------------------------------------
5.666677 0.367138 0.005493 0.007630   5.6667  0.3671 2 0.000000 |**|5.666677 0.367138 0.005493 0.007630   5.666677  0.367138 3  0.000000 
------------------------------------------------
5.666677 0.367138 0.005493 0.007630   5.6667  0.3671 2 0.000000 |**|0.666524 0.367138 0.005493 0.007630   0.666524  0.367138 1  0.000000 
------------------------------------------------
5.666677 0.367138 0.005493 0.007630   5.6667  0.3671 2 0.000000 |**|5.666677 0.367138 0.005493 0.007630   5.666677  0.367138 3  0.000000 
------------------------------------------------
5.666677 0.367138 0.005493 0.007630   5.6667  0.3671 2 0.000000 |**|5.666677 0.367138 0.005493 0.007630   5.666677  0.367138 3  0.000000 
------------------------------------------------
5.666677 0.367138 0.005493 0.007630   5.6667  0.3671 2 0.000000 |**|5.666677 0.367138 0.005493 0.007630   5.666677  0.367138 3  0.000000 
------------------------------------------------
0.666524 0.367138 0.005493 0.007630   0.6665  0.3671 1 0.000000 |**|5.666677 0.367138 0.005493 0.007630   5.666677  0.367138 3  0.000000 
------------------------------------------------
5.666677 0.367138 0.005493 0.007630   5.6667  0.3671 2 0.000000 |**|5.666677 0.367138 0.005493 0.007630   5.666677  0.367138 3  0.000000 
------------------------------------------------
5.666677 0.367138 0.005493 0.007630   5.6667  0.3671 2 0.000000 |**|5.666677 0.367138 0.005493 0.007630   5.666677  0.367138 3  0.000000 
------------------------------------------------
5.666677 0.367138 0.005493 0.007630   5.6667  0.3671 2 0.000000 |**|5.666677 0.367138 0.005493 0.007630   5.666677  0.367138 3  0.000000 
------------------------------------------------
5.666677 0.367138 0.005493 0.007630   5.6667  0.3671 2 0.000000 |**|5.666677 0.367138 0.005493 0.007630   5.666677  0.367138 3  0.000000 
------------------------------------------------
0.666524 0.367138 0.005493 0.007630   0.6665  0.3671 1 0.000000 |**|5.666677 0.367138 0.005493 0.007630   5.666677  0.367138 3  0.000000 
------------------------------------------------
5.666677 0.367138 0.005493 0.007630   5.6667  0.3671 2 0.000000 |**|0.666524 0.367138 0.005493 0.007630   0.666524  0.367138 1  0.000000 
------------------------------------------------
5.666677 0.367138 0.005493 0.007630   5.6667  0.3671 2 0.000000 |**|5.666677 0.367138 0.005493 0.007630   5.666677  0.367138 3  0.000000 
------------------------------------------------
5.666677 0.367138 0.005493 0.007630   5.6667  0.3671 2 0.000000 |**|0.666524 0.367138 0.005493 0.007630   0.666524  0.367138 1  0.000000 
------------------------------------------------
5.666677 0.367138 0.005493 0.007630   5.6667  0.3671 2 0.000000 |**|0.666524 0.367138 0.005493 0.007630   0.666524  0.367138 1  0.000000 
------------------------------------------------
5.666677 0.367138 0.005493 0.007630   5.6667  0.3671 2 0.000000 |**|5.666677 0.367138 0.005493 0.007630   5.666677  0.367138 3  0.000000 
------------------------------------------------
5.666677 0.367138 0.005493 0.007630   5.6667  0.3671 2 0.000000 |**|5.666677 0.367138 0.005493 0.007630   5.666677  0.367138 3  0.000000 
------------------------------------------------
5.666677 0.367138 0.005493 0.007630   5.6667  0.3671 2 0.000000 |**|5.666677 0.367138 0.005493 0.007630   5.666677  0.367138 3  0.000000 
------------------------------------------------
5.666677 0.367138 0.005493 0.007630   5.6667  0.3671 2 0.000000 |**|5.666677 0.367138 0.005493 0.007630   5.666677  0.367138 3  0.000000 
------------------------------------------------
5.666677 0.367138 0.005493 0.007630   5.6667  0.3671 2 0.000000 |**|5.666677 0.367138 0.005493 0.007630   5.666677  0.367138 3  0.000000 
------------------------------------------------
0.666524 0.367138 0.005493 0.007630   0.6665  0.3671 1 0.000000 |**|5.666677 0.367138 0.005493 0.007630   5.666677  0.367138 3  0.000000 
------------------------------------------------
5.666677 0.367138 0.005493 0.007630   5.6667  0.3671 2 0.000000 |**|0.666524 0.367138 0.005493 0.007630   0.666524  0.367138 1  0.000000 
------------------------------------------------
0.666524 0.367138 0.005493 0.007630   0.6665  0.3671 1 0.000000 |**|5.666677 0.367138 0.005493 0.007630   5.666677  0.367138 3  0.000000 
------------------------------------------------
0.666524 0.367138 0.005493 0.007630   0.6665  0.3671 1 0.000000 |**|5.666677 0.367138 0.005493 0.007630   5.666677  0.367138 3  0.000000 
------------------------------------------------
5.666677 0.367138 0.005493 0.007630   5.6667  0.3671 2 0.000000 |**|0.666524 0.367138 0.005493 0.007630   0.666524  0.367138 1  0.000000 
------------------------------------------------
5.666677 0.367138 0.005493 0.007630   5.6667  0.3671 2 0.000000 |**|0.666524 0.367138 0.005493 0.007630   0.666524  0.367138 1  0.000000 
------------------------------------------------
5.666677 0.367138 0.005493 0.007630   5.6667  0.3671 2 0.000000 |**|0.666524 0.367138 0.005493 0.007630   0.666524  0.367138 1  0.000000 
------------------------------------------------
5.666677 0.367138 0.005493 0.007630   5.6667  0.3671 2 0.000000 |**|5.666677 0.367138 0.005493 0.007630   5.666677  0.367138 3  0.000000 
------------------------------------------------
5.666677 0.367138 0.005493 0.007630   5.6667  0.3671 2 0.000000 |**|5.666677 0.367138 0.005493 0.007630   5.666677  0.367138 3  0.000000 
------------------------------------------------
5.666677 0.367138 0.005493 0.007630   5.6667  0.3671 2 0.000000 |**|5.666677 0.367138 0.005493 0.007630   5.666677  0.367138 3  0.000000 
------------------------------------------------
0.666524 0.367138 0.005493 0.007630   0.6665  0.3671 1 0.000000 |**|5.666677 0.367138 0.005493 0.007630   5.666677  0.367138 3  0.000000 
------------------------------------------------
5.666677 0.367138 0.005493 0.007630   5.6667  0.3671 2 0.000000 |**|5.666677 0.367138 0.005493 0.007630   5.666677  0.367138 3  0.000000 
------------------------------------------------
5.666677 0.367138 0.005493 0.007630   5.6667  0.3671 2 0.000000 |**|0.666524 0.367138 0.005493 0.007630   0.666524  0.367138 1  0.000000 
------------------------------------------------
0.666524 0.367138 0.005493 0.007630   0.6665  0.3671 1 0.000000 |**|5.666677 0.367138 0.005493 0.007630   5.666677  0.367138 3  0.000000 
------------------------------------------------
0.666524 0.367138 0.005493 0.007630   0.6665  0.3671 1 0.000000 |**|5.666677 0.367138 0.005493 0.007630   5.666677  0.367138 3  0.000000 
------------------------------------------------
0.666524 0.367138 0.005493 0.007630   0.6665  0.3671 1 0.000000 |**|0.666524 0.367138 0.005493 0.007630   0.666524  0.367138 1  0.000000 
------------------------------------------------
5.666677 0.367138 0.005493 0.007630   5.6667  0.3671 2 0.000000 |**|5.666677 0.367138 0.005493 0.007630   5.666677  0.367138 3  0.000000 
------------------------------------------------
5.666677 0.367138 0.005493 0.007630   5.6667  0.3671 2 0.000000 |**|5.666677 0.367138 0.005493 0.007630   5.666677  0.367138 3  0.000000 
------------------------------------------------
5.666677 0.367138 0.005493 0.007630   5.6667  0.3671 2 0.000000 |**|5.666677 0.367138 0.005493 0.007630   5.666677  0.367138 3  0.000000 
------------------------------------------------
5.666677 0.367138 0.005493 0.007630   5.6667  0.3671 2 0.000000 |**|5.666677 0.367138 0.005493 0.007630   5.666677  0.367138 3  0.000000 
------------------------------------------------
5.666677 0.367138 0.005493 0.007630   5.6667  0.3671 2 0.000000 |**|0.666524 0.367138 0.005493 0.007630   0.666524  0.367138 1  0.000000 
------------------------------------------------
0.666524 0.367138 0.005493 0.007630   0.6665  0.3671 1 0.000000 |**|5.666677 0.367138 0.005493 0.007630   5.666677  0.367138 3  0.000000 
------------------------------------------------
5.666677 0.367138 0.005493 0.007630   5.6667  0.3671 2 0.000000 |**|5.666677 0.367138 0.005493 0.007630   5.666677  0.367138 3  0.000000 
------------------------------------------------
5.666677 0.367138 0.005493 0.007630   5.6667  0.3671 2 0.000000 |**|5.666677 0.367138 0.005493 0.007630   5.666677  0.367138 3  0.000000 
------------------------------------------------
0.666524 0.367138 0.005493 0.007630   0.6665  0.3671 1 0.000000 |**|5.666677 0.367138 0.005493 0.007630   5.666677  0.367138 3  0.000000 
------------------------------------------------
5.666677 0.367138 0.005493 0.007630   5.6667  0.3671 2 0.000000 |**|5.666677 0.367138 0.005493 0.007630   5.666677  0.367138 3  0.000000 
------------------------------------------------
5.666677 0.367138 0.005493 0.007630   5.6667  0.3671 2 0.000000 |**|5.666677 0.367138 0.005493 0.007630   5.666677  0.367138 3  0.000000 
------------------------------------------------
5.666677 0.367138 0.005493 0.007630   5.6667  0.3671 2 0.000000 |**|0.666524 0.367138 0.005493 0.007630   0.666524  0.367138 1  0.000000 
------------------------------------------------
5.666677 0.367138 0.005493 0.007630   5.6667  0.3671 2 0.000000 |**|0.666524 0.367138 0.005493 0.007630   0.666524  0.367138 1  0.000000 
------------------------------------------------
0.666524 0.367138 0.005493 0.007630   0.6665  0.3671 1 0.000000 |**|0.666524 0.367138 0.005493 0.007630   0.666524  0.367138 1  0.000000 
------------------------------------------------
5.666677 0.367138 0.005493 0.007630   5.6667  0.3671 2 0.000000 |**|0.666524 0.367138 0.005493 0.007630   0.666524  0.367138 1  0.000000 
------------------------------------------------
5.666677 0.367138 0.005493 0.007630   5.6667  0.3671 2 0.000000 |**|0.666524 0.367138 0.005493 0.007630   0.666524  0.367138 1  0.000000 
------------------------------------------------
5.666677 0.367138 0.005493 0.007630   5.6667  0.3671 2 0.000000 |**|5.042268 0.065920 1.023591 9.053316   5.042268  0.065920 1  867.671753 
------------------------------------------------
5.666677 0.367138 0.005493 0.007630   5.6667  0.3671 2 0.000000 |**|5.134739 0.539567 8.158513 6.527909   5.134739  0.539567 2  0.672102 
------------------------------------------------
5.666677 0.367138 0.005493 0.007630   5.6667  0.3671 2 0.000000 |**|2.212592 0.568865 9.958495 1.114536   2.212592  0.568865 2  0.620577 
------------------------------------------------
5.666677 0.367138 0.005493 0.007630   5.6667  0.3671 2 0.000000 |**|0.023194 3.634449 6.277963 1.999573   0.023194  3.634449 1  867.671753 
------------------------------------------------
5.666677 0.367138 0.005493 0.007630   5.6667  0.3671 2 0.000000 |**|5.239112 0.651570 0.332652 9.454329   5.239112  0.651570 3  0.394246 
------------------------------------------------
5.666677 0.367138 0.005493 0.007630   5.6667  0.3671 2 0.000000 |**|6.009705 0.301218 7.683950 3.958556   6.009705  0.301218 3  0.209619 
------------------------------------------------
5.666677 0.367138 0.005493 0.007630   5.6667  0.3671 2 0.000000 |**|0.508744 1.093173 6.534318 1.822871   0.508744  1.093173 1  0.260017 
------------------------------------------------
0.666524 0.367138 0.005493 0.007630   0.6665  0.3671 1 0.000000 |**|0.703757 1.019929 9.012726 7.292703   0.703757  1.019929 2  0.515578 
------------------------------------------------
5.666677 0.367138 0.005493 0.007630   5.6667  0.3671 2 566.828064 |**|0.061342 6.224250 5.077975 5.184484   0.061342  6.224250 2  1176.702148 
------------------------------------------------
0.666524 0.367138 0.005493 0.007630   0.6665  0.3671 1 0.000000 |**|0.844142 1.439863 9.164708 8.835719   0.844142  1.439863 3  814.081238 
------------------------------------------------
0.666524 0.367138 0.005493 0.007630   0.6665  0.3671 1 0.000000 |**|5.542772 0.178533 9.767144 8.467971   5.542772  0.178533 2  1176.702148 
------------------------------------------------
0.666524 0.367138 0.005493 0.007630   0.6665  0.3671 1 0.000000 |**|6.700949 0.190741 2.215034 1.119724   6.700949  0.190741 3  814.081238 
------------------------------------------------
0.666524 0.367138 0.005493 0.007630   0.6665  0.3671 1 1.038059 |**|6.410718 0.263985 2.898343 6.755882   6.410718  0.263985 3  0.206468 
--------------------------------------------------

-------------------------------------------------------
Population at generation no. -->5


---------------------------------------------------
Generation No.     ->5
------------------------------------------------------
 variables (real 0 binary 4)  fitness (2)  rank cublen || variables  fitness rank cublen

------------------------------------------------
2.043825 0.882290 8.725852 5.162206   2.0438  0.8823 2 0.349872 |**|2.043825 0.882290 8.725852 5.162206   2.043825  0.882290 2  0.349872 
------------------------------------------------
0.625019 2.434462 4.170354 8.385265   0.6250  2.4345 2 0.978026 |**|0.625019 2.434462 4.170354 8.385265   0.625019  2.434462 2  0.978026 
------------------------------------------------
0.231635 2.316355 7.788934 9.838252   0.2316  2.3164 1 0.783750 |**|0.231635 2.316355 7.788934 9.838252   0.231635  2.316355 1  0.783750 
------------------------------------------------
4.911649 0.698569 7.017731 2.811670   4.9116  0.6986 3 0.252476 |**|4.911649 0.698569 7.017731 2.811670   4.911649  0.698569 3  0.252476 
------------------------------------------------
4.209723 0.747398 5.205237 2.381665   4.2097  0.7474 3 1.287944 |**|4.209723 0.747398 5.205237 2.381665   4.209723  0.747398 3  1.287944 
------------------------------------------------
0.383923 1.094089 8.531754 3.631092   0.3839  1.0941 1 0.397980 |**|0.383923 1.094089 8.531754 3.631092   0.383923  1.094089 1  0.397980 
------------------------------------------------
5.666677 0.367138 0.005493 0.007630   5.6667  0.3671 3 0.058569 |**|5.666677 0.367138 0.005493 0.007630   5.666677  0.367138 3  0.000000 
------------------------------------------------
5.666677 0.367138 0.005493 0.007630   5.6667  0.3671 3 0.300709 |**|5.666677 0.367138 0.005493 0.007630   5.666677  0.367138 3  0.058569 
------------------------------------------------
5.666677 0.367138 0.005493 0.007630   5.6667  0.3671 3 0.052773 |**|5.666677 0.367138 0.005493 0.007630   5.666677  0.367138 3  0.300709 
------------------------------------------------
0.666524 0.367138 0.005493 0.007630   0.6665  0.3671 1 0.203455 |**|0.666524 0.367138 0.005493 0.007630   0.666524  0.367138 1  0.203455 
------------------------------------------------
5.666677 0.367138 0.005493 0.007630   5.6667  0.3671 3 0.000000 |**|5.666677 0.367138 0.005493 0.007630   5.666677  0.367138 3  0.052773 
------------------------------------------------
5.666677 0.367138 0.005493 0.007630   5.6667  0.3671 3 0.000000 |**|5.666677 0.367138 0.005493 0.007630   5.666677  0.367138 3  0.000000 
------------------------------------------------
0.666524 0.367138 0.005493 0.007630   0.6665  0.3671 1 0.956232 |**|0.666524 0.367138 0.005493 0.007630   0.666524  0.367138 1  0.956232 
------------------------------------------------
5.666677 0.367138 0.005493 0.007630   5.6667  0.3671 3 0.000000 |**|5.666677 0.367138 0.005493 0.007630   5.666677  0.367138 3  0.000000 
------------------------------------------------
5.666677 0.367138 0.005493 0.007630   5.6667  0.3671 3 0.000000 |**|5.666677 0.367138 0.005493 0.007630   5.666677  0.367138 3  0.000000 
------------------------------------------------
5.666677 0.367138 0.005493 0.007630   5.6667  0.3671 3 0.000000 |**|5.666677 0.367138 0.005493 0.007630   5.666677  0.367138 3  0.000000 
------------------------------------------------
5.666677 0.367138 0.005493 0.007630   5.6667  0.3671 3 0.000000 |**|5.666677 0.367138 0.005493 0.007630   5.666677  0.367138 3  0.000000 
------------------------------------------------
5.666677 0.367138 0.005493 0.007630   5.6667  0.3671 3 0.000000 |**|5.666677 0.367138 0.005493 0.007630   5.666677  0.367138 3  0.000000 
------------------------------------------------
5.666677 0.367138 0.005493 0.007630   5.6667  0.3671 3 0.000000 |**|5.666677 0.367138 0.005493 0.007630   5.666677  0.367138 3  0.000000 
------------------------------------------------
5.666677 0.367138 0.005493 0.007630   5.6667  0.3671 3 0.000000 |**|5.666677 0.367138 0.005493 0.007630   5.666677  0.367138 3  0.000000 
------------------------------------------------
5.666677 0.367138 0.005493 0.007630   5.6667  0.3671 3 0.000000 |**|5.666677 0.367138 0.005493 0.007630   5.666677  0.367138 3  0.000000 
------------------------------------------------
0.666524 0.367138 0.005493 0.007630   0.6665  0.3671 1 0.031436 |**|0.666524 0.367138 0.005493 0.007630   0.666524  0.367138 1  0.031436 
------------------------------------------------
5.666677 0.367138 0.005493 0.007630   5.6667  0.3671 3 0.000000 |**|5.666677 0.367138 0.005493 0.007630   5.666677  0.367138 3  0.000000 
------------------------------------------------
5.666677 0.367138 0.005493 0.007630   5.6667  0.3671 3 0.000000 |**|5.666677 0.367138 0.005493 0.007630   5.666677  0.367138 3  0.000000 
------------------------------------------------
0.666524 0.367138 0.005493 0.007630   0.6665  0.3671 1 0.000000 |**|0.666524 0.367138 0.005493 0.007630   0.666524  0.367138 1  0.000000 
------------------------------------------------
0.666524 0.367138 0.005493 0.007630   0.6665  0.3671 1 0.000000 |**|0.666524 0.367138 0.005493 0.007630   0.666524  0.367138 1  0.000000 
------------------------------------------------
5.666677 0.367138 0.005493 0.007630   5.6667  0.3671 3 0.000000 |**|5.666677 0.367138 0.005493 0.007630   5.666677  0.367138 3  0.000000 
------------------------------------------------
5.666677 0.367138 0.005493 0.007630   5.6667  0.3671 3 0.000000 |**|5.666677 0.367138 0.005493 0.007630   5.666677  0.367138 3  0.000000 
------------------------------------------------
5.666677 0.367138 0.005493 0.007630   5.6667  0.3671 3 0.000000 |**|5.666677 0.367138 0.005493 0.007630   5.666677  0.367138 3  0.000000 
------------------------------------------------
5.666677 0.367138 0.005493 0.007630   5.6667  0.3671 3 0.000000 |**|5.666677 0.367138 0.005493 0.007630   5.666677  0.367138 3  0.000000 
------------------------------------------------
5.666677 0.367138 0.005493 0.007630   5.6667  0.3671 3 0.000000 |**|5.666677 0.367138 0.005493 0.007630   5.666677  0.367138 3  0.000000 
------------------------------------------------
0.666524 0.367138 0.005493 0.007630   0.6665  0.3671 1 0.000000 |**|0.666524 0.367138 0.005493 0.007630   0.666524  0.367138 1  0.000000 
------------------------------------------------
5.666677 0.367138 0.005493 0.007630   5.6667  0.3671 3 0.000000 |**|5.666677 0.367138 0.005493 0.007630   5.666677  0.367138 3  0.000000 
------------------------------------------------
5.666677 0.367138 0.005493 0.007630   5.6667  0.3671 3 0.000000 |**|5.666677 0.367138 0.005493 0.007630   5.666677  0.367138 3  0.000000 
------------------------------------------------
5.666677 0.367138 0.005493 0.007630   5.6667  0.3671 3 0.000000 |**|5.666677 0.367138 0.005493 0.007630   5.666677  0.367138 3  0.000000 
------------------------------------------------
5.666677 0.367138 0.005493 0.007630   5.6667  0.3671 3 0.000000 |**|5.666677 0.367138 0.005493 0.007630   5.666677  0.367138 3  0.000000 
------------------------------------------------
0.666524 0.367138 0.005493 0.007630   0.6665  0.3671 1 0.000000 |**|0.666524 0.367138 0.005493 0.007630   0.666524  0.367138 1  0.000000 
------------------------------------------------
5.666677 0.367138 0.005493 0.007630   5.6667  0.3671 3 0.000000 |**|5.666677 0.367138 0.005493 0.007630   5.666677  0.367138 3  0.000000 
------------------------------------------------
5.666677 0.367138 0.005493 0.007630   5.6667  0.3671 3 0.000000 |**|5.666677 0.367138 0.005493 0.007630   5.666677  0.367138 3  0.000000 
------------------------------------------------
5.666677 0.367138 0.005493 0.007630   5.6667  0.3671 3 0.000000 |**|5.666677 0.367138 0.005493 0.007630   5.666677  0.367138 3  0.000000 
------------------------------------------------
5.666677 0.367138 0.005493 0.007630   5.6667  0.3671 3 0.000000 |**|5.666677 0.367138 0.005493 0.007630   5.666677  0.367138 3  0.000000 
------------------------------------------------
5.666677 0.367138 0.005493 0.007630   5.6667  0.3671 3 0.000000 |**|5.666677 0.367138 0.005493 0.007630   5.666677  0.367138 3  0.000000 
------------------------------------------------
5.666677 0.367138 0.005493 0.007630   5.6667  0.3671 3 0.000000 |**|5.666677 0.367138 0.005493 0.007630   5.666677  0.367138 3  0.000000 
------------------------------------------------
5.666677 0.367138 0.005493 0.007630   5.6667  0.3671 3 0.000000 |**|5.666677 0.367138 0.005493 0.007630   5.666677  0.367138 3  0.000000 
------------------------------------------------
5.666677 0.367138 0.005493 0.007630   5.6667  0.3671 3 0.000000 |**|5.666677 0.367138 0.005493 0.007630   5.666677  0.367138 3  0.000000 
------------------------------------------------
5.666677 0.367138 0.005493 0.007630   5.6667  0.3671 3 0.000000 |**|5.666677 0.367138 0.005493 0.007630   5.666677  0.367138 3  0.000000 
------------------------------------------------
0.666524 0.367138 0.005493 0.007630   0.6665  0.3671 1 0.000000 |**|0.666524 0.367138 0.005493 0.007630   0.666524  0.367138 1  0.000000 
------------------------------------------------
5.666677 0.367138 0.005493 0.007630   5.6667  0.3671 3 0.000000 |**|5.666677 0.367138 0.005493 0.007630   5.666677  0.367138 3  0.000000 
------------------------------------------------
0.666524 0.367138 0.005493 0.007630   0.6665  0.3671 1 0.000000 |**|0.666524 0.367138 0.005493 0.007630   0.666524  0.367138 1  0.000000 
------------------------------------------------
0.666524 0.367138 0.005493 0.007630   0.6665  0.3671 1 0.000000 |**|0.666524 0.367138 0.005493 0.007630   0.666524  0.367138 1  0.000000 
------------------------------------------------
5.666677 0.367138 0.005493 0.007630   5.6667  0.3671 3 0.000000 |**|5.666677 0.367138 0.005493 0.007630   5.666677  0.367138 3  0.000000 
------------------------------------------------
5.666677 0.367138 0.005493 0.007630   5.6667  0.3671 3 0.000000 |**|5.666677 0.367138 0.005493 0.007630   5.666677  0.367138 3  0.000000 
------------------------------------------------
5.666677 0.367138 0.005493 0.007630   5.6667  0.3671 3 0.000000 |**|5.666677 0.367138 0.005493 0.007630   5.666677  0.367138 3  0.000000 
------------------------------------------------
5.666677 0.367138 0.005493 0.007630   5.6667  0.3671 3 0.000000 |**|5.666677 0.367138 0.005493 0.007630   5.666677  0.367138 3  0.000000 
------------------------------------------------
5.666677 0.367138 0.005493 0.007630   5.6667  0.3671 3 0.000000 |**|5.666677 0.367138 0.005493 0.007630   5.666677  0.367138 3  0.000000 
------------------------------------------------
5.666677 0.367138 0.005493 0.007630   5.6667  0.3671 3 0.000000 |**|5.666677 0.367138 0.005493 0.007630   5.666677  0.367138 3  0.000000 
------------------------------------------------
0.666524 0.367138 0.005493 0.007630   0.6665  0.3671 1 0.000000 |**|0.666524 0.367138 0.005493 0.007630   0.666524  0.367138 1  0.000000 
------------------------------------------------
5.666677 0.367138 0.005493 0.007630   5.6667  0.3671 3 0.000000 |**|5.666677 0.367138 0.005493 0.007630   5.666677  0.367138 3  0.000000 
------------------------------------------------
5.666677 0.367138 0.005493 0.007630   5.6667  0.3671 3 0.000000 |**|5.666677 0.367138 0.005493 0.007630   5.666677  0.367138 3  0.000000 
------------------------------------------------
0.666524 0.367138 0.005493 0.007630   0.6665  0.3671 1 0.000000 |**|0.666524 0.367138 0.005493 0.007630   0.666524  0.367138 1  0.000000 
------------------------------------------------
0.666524 0.367138 0.005493 0.007630   0.6665  0.3671 1 0.000000 |**|0.666524 0.367138 0.005493 0.007630   0.666524  0.367138 1  0.000000 
------------------------------------------------
0.666524 0.367138 0.005493 0.007630   0.6665  0.3671 1 0.000000 |**|0.666524 0.367138 0.005493 0.007630   0.666524  0.367138 1  0.000000 
------------------------------------------------
5.666677 0.367138 0.005493 0.007630   5.6667  0.3671 3 0.000000 |**|5.666677 0.367138 0.005493 0.007630   5.666677  0.367138 3  0.000000 
------------------------------------------------
5.666677 0.367138 0.005493 0.007630   5.6667  0.3671 3 0.000000 |**|5.666677 0.367138 0.005493 0.007630   5.666677  0.367138 3  0.000000 
------------------------------------------------
5.666677 0.367138 0.005493 0.007630   5.6667  0.3671 3 0.000000 |**|5.666677 0.367138 0.005493 0.007630   5.666677  0.367138 3  0.000000 
------------------------------------------------
5.666677 0.367138 0.005493 0.007630   5.6667  0.3671 3 0.000000 |**|5.666677 0.367138 0.005493 0.007630   5.666677  0.367138 3  0.000000 
------------------------------------------------
5.666677 0.367138 0.005493 0.007630   5.6667  0.3671 3 0.000000 |**|5.666677 0.367138 0.005493 0.007630   5.666677  0.367138 3  0.000000 
------------------------------------------------
0.666524 0.367138 0.005493 0.007630   0.6665  0.3671 1 0.000000 |**|0.666524 0.367138 0.005493 0.007630   0.666524  0.367138 1  0.000000 
------------------------------------------------
5.666677 0.367138 0.005493 0.007630   5.6667  0.3671 3 0.000000 |**|5.666677 0.367138 0.005493 0.007630   5.666677  0.367138 3  0.000000 
------------------------------------------------
5.666677 0.367138 0.005493 0.007630   5.6667  0.3671 3 0.000000 |**|5.666677 0.367138 0.005493 0.007630   5.666677  0.367138 3  0.000000 
------------------------------------------------
0.666524 0.367138 0.005493 0.007630   0.6665  0.3671 1 0.000000 |**|0.666524 0.367138 0.005493 0.007630   0.666524  0.367138 1  0.000000 
------------------------------------------------
5.666677 0.367138 0.005493 0.007630   5.6667  0.3671 3 0.000000 |**|5.666677 0.367138 0.005493 0.007630   5.666677  0.367138 3  0.000000 
------------------------------------------------
5.666677 0.367138 0.005493 0.007630   5.6667  0.3671 3 0.000000 |**|5.666677 0.367138 0.005493 0.007630   5.666677  0.367138 3  0.000000 
------------------------------------------------
5.666677 0.367138 0.005493 0.007630   5.6667  0.3671 3 0.000000 |**|5.666677 0.367138 0.005493 0.007630   5.666677  0.367138 3  0.000000 
------------------------------------------------
5.666677 0.367138 0.005493 0.007630   5.6667  0.3671 3 0.000000 |**|5.666677 0.367138 0.005493 0.007630   5.666677  0.367138 3  0.000000 
------------------------------------------------
0.666524 0.367138 0.005493 0.007630   0.6665  0.3671 1 0.000000 |**|0.666524 0.367138 0.005493 0.007630   0.666524  0.367138 1  0.000000 
------------------------------------------------
5.666677 0.367138 0.005493 0.007630   5.6667  0.3671 3 0.000000 |**|5.666677 0.367138 0.005493 0.007630   5.666677  0.367138 3  0.000000 
------------------------------------------------
5.666677 0.367138 0.005493 0.007630   5.6667  0.3671 3 0.000000 |**|5.666677 0.367138 0.005493 0.007630   5.666677  0.367138 3  0.000000 
------------------------------------------------
5.666677 0.367138 0.005493 0.007630   5.6667  0.3671 3 0.000000 |**|5.666677 0.367138 0.005493 0.007630   5.666677  0.367138 3  0.000000 
------------------------------------------------
5.666677 0.367138 0.005493 0.007630   5.6667  0.3671 3 0.000000 |**|5.666677 0.367138 0.005493 0.007630   5.666677  0.367138 3  0.000000 
------------------------------------------------
5.666677 0.367138 0.005493 0.007630   5.6667  0.3671 3 0.000000 |**|5.666677 0.367138 0.005493 0.007630   5.666677  0.367138 3  0.000000 
------------------------------------------------
5.666677 0.367138 0.005493 0.007630   5.6667  0.3671 3 0.000000 |**|5.666677 0.367138 0.005493 0.007630   5.666677  0.367138 3  0.000000 
------------------------------------------------
0.666524 0.367138 0.005493 0.007630   0.6665  0.3671 1 0.000000 |**|0.666524 0.367138 0.005493 0.007630   0.666524  0.367138 1  0.000000 
------------------------------------------------
0.666524 0.367138 0.005493 0.007630   0.6665  0.3671 1 0.000000 |**|0.666524 0.367138 0.005493 0.007630   0.666524  0.367138 1  0.000000 
------------------------------------------------
0.666524 0.367138 0.005493 0.007630   0.6665  0.3671 1 0.000000 |**|0.666524 0.367138 0.005493 0.007630   0.666524  0.367138 1  0.000000 
------------------------------------------------
0.666524 0.367138 0.005493 0.007630   0.6665  0.3671 1 0.000000 |**|0.666524 0.367138 0.005493 0.007630   0.666524  0.367138 1  0.000000 
------------------------------------------------
0.666524 0.367138 0.005493 0.007630   0.6665  0.3671 1 0.000000 |**|0.666524 0.367138 0.005493 0.007630   0.666524  0.367138 1  0.000000 
------------------------------------------------
5.042268 0.065920 1.023591 9.053316   5.0423  0.0659 1 867.671753 |**|5.042268 0.065920 1.023591 9.053316   5.042268  0.065920 1  867.671753 
------------------------------------------------
5.134739 0.539567 8.158513 6.527909   5.1347  0.5396 2 0.672102 |**|5.134739 0.539567 8.158513 6.527909   5.134739  0.539567 2  0.672102 
------------------------------------------------
2.212592 0.568865 9.958495 1.114536   2.2126  0.5689 2 0.620577 |**|2.212592 0.568865 9.958495 1.114536   2.212592  0.568865 2  0.620577 
------------------------------------------------
0.023194 3.634449 6.277963 1.999573   0.0232  3.6344 1 867.671753 |**|0.023194 3.634449 6.277963 1.999573   0.023194  3.634449 1  867.671753 
------------------------------------------------
5.239112 0.651570 0.332652 9.454329   5.2391  0.6516 3 0.394246 |**|5.239112 0.651570 0.332652 9.454329   5.239112  0.651570 3  0.394246 
------------------------------------------------
6.009705 0.301218 7.683950 3.958556   6.0097  0.3012 3 0.209619 |**|6.009705 0.301218 7.683950 3.958556   6.009705  0.301218 3  0.209619 
------------------------------------------------
0.508744 1.093173 6.534318 1.822871   0.5087  1.0932 1 0.260017 |**|0.508744 1.093173 6.534318 1.822871   0.508744  1.093173 1  0.260017 
------------------------------------------------
0.703757 1.019929 9.012726 7.292703   0.7038  1.0199 2 0.515578 |**|0.703757 1.019929 9.012726 7.292703   0.703757  1.019929 2  0.515578 
------------------------------------------------
0.061342 6.224250 5.077975 5.184484   0.0613  6.2242 2 1176.702148 |**|0.061342 6.224250 5.077975 5.184484   0.061342  6.224250 2  1176.702148 
------------------------------------------------
0.844142 1.439863 9.164708 8.835719   0.8441  1.4399 3 814.081238 |**|0.844142 1.439863 9.164708 8.835719   0.844142  1.439863 3  814.081238 
------------------------------------------------
5.542772 0.178533 9.767144 8.467971   5.5428  0.1785 2 1176.702148 |**|5.542772 0.178533 9.767144 8.467971   5.542772  0.178533 2  1176.702148 
------------------------------------------------
6.700949 0.190741 2.215034 1.119724   6.7009  0.1907 3 814.081238 |**|6.700949 0.190741 2.215034 1.119724   6.700949  0.190741 3  814.081238 
------------------------------------------------
6.410718 0.263985 2.898343 6.755882   6.4107  0.2640 3 0.206468 |**|6.410718 0.263985 2.898343 6.755882   6.410718  0.263985 3  0.206468 
--------------------------------------------------

-------------------------------------------------------
NO. OF CROSSOVER = 0
NO. OF MUTATION = 30000
------------------------------------------------------------
---------------------------------Thanks---------------------
-------------------------------------------------------------
